#
# There is insufficient memory for the Java Runtime Environment to continue.
# Native memory allocation (malloc) failed to allocate 62914560 bytes for committing reserved memory.
# Possible reasons:
#   The system is out of physical RAM or swap space
#   In 32 bit mode, the process size limit was hit
# Possible solutions:
#   Reduce memory load on the system
#   Increase physical memory or swap space
#   Check if swap backing store is full
#   Use 64 bit Java on a 64 bit OS
#   Decrease Java heap size (-Xmx/-Xms)
#   Decrease number of Java threads
#   Decrease Java thread stack sizes (-Xss)
#   Set larger code cache with -XX:ReservedCodeCacheSize=
# This output file may be truncated or incomplete.
#
#  Out of Memory Error (os_linux.cpp:2798), pid=7764, tid=140038271624960
#
# JRE version: OpenJDK Runtime Environment (7.0_65-b32) (build 1.7.0_65-b32)
# Java VM: OpenJDK 64-Bit Server VM (24.65-b04 mixed mode linux-amd64 compressed oops)
# Failed to write core dump. Core dumps have been disabled. To enable core dumping, try "ulimit -c unlimited" before starting Java again
#

---------------  T H R E A D  ---------------

Current thread (0x00007f5d4007f000):  VMThread [stack: 0x00007f5d335f6000,0x00007f5d336f7000] [id=7778]

Stack: [0x00007f5d335f6000,0x00007f5d336f7000],  sp=0x00007f5d336f51e0,  free space=1020k
Native frames: (J=compiled Java code, j=interpreted, Vv=VM code, C=native code)
V  [libjvm.so+0x924383]  VMError::report_and_die()+0x173
V  [libjvm.so+0x488780]  report_vm_out_of_memory(char const*, int, unsigned long, char const*)+0x70
V  [libjvm.so+0x7aa413]  os::pd_commit_memory(char*, unsigned long, unsigned long, bool)+0x103
V  [libjvm.so+0x7a4106]  os::commit_memory(char*, unsigned long, unsigned long, bool)+0x26
V  [libjvm.so+0x81262b]  PSVirtualSpace::expand_by(unsigned long)+0x6b
V  [libjvm.so+0x8130bb]  PSYoungGen::resize_generation(unsigned long, unsigned long)+0xbb
V  [libjvm.so+0x813702]  PSYoungGen::resize(unsigned long, unsigned long)+0x22
V  [libjvm.so+0x810102]  PSScavenge::invoke_no_policy()+0xe22
V  [libjvm.so+0x810993]  PSScavenge::invoke()+0x43
V  [libjvm.so+0x7ca4cd]  ParallelScavengeHeap::failed_mem_allocate(unsigned long)+0x6d
V  [libjvm.so+0x925d90]  VM_ParallelGCFailedAllocation::doit()+0x90
V  [libjvm.so+0x92a402]  VM_Operation::evaluate()+0x52
V  [libjvm.so+0x928a8d]  VMThread::evaluate_operation(VM_Operation*)+0x9d
V  [libjvm.so+0x929156]  VMThread::loop()+0x1c6
V  [libjvm.so+0x9295c2]  VMThread::run()+0x72
V  [libjvm.so+0x7a6e72]  java_start(Thread*)+0x132

VM_Operation (0x00007f5d46f3b4c0): ParallelGCFailedAllocation, mode: safepoint, requested by thread 0x00007f5d4000b000


---------------  P R O C E S S  ---------------

Java Threads: ( => current thread )
  0x00007f5d400b0000 JavaThread "Service Thread" daemon [_thread_blocked, id=7784, stack(0x00007f5d3290d000,0x00007f5d32a0e000)]
  0x00007f5d400ad800 JavaThread "C2 CompilerThread1" daemon [_thread_blocked, id=7783, stack(0x00007f5d32a0e000,0x00007f5d32b0f000)]
  0x00007f5d400aa800 JavaThread "C2 CompilerThread0" daemon [_thread_blocked, id=7782, stack(0x00007f5d32b0f000,0x00007f5d32c10000)]
  0x00007f5d400a8800 JavaThread "Signal Dispatcher" daemon [_thread_blocked, id=7781, stack(0x00007f5d32c10000,0x00007f5d32d11000)]
  0x00007f5d40085000 JavaThread "Finalizer" daemon [_thread_blocked, id=7780, stack(0x00007f5d333f4000,0x00007f5d334f5000)]
  0x00007f5d40083000 JavaThread "Reference Handler" daemon [_thread_blocked, id=7779, stack(0x00007f5d334f5000,0x00007f5d335f6000)]
  0x00007f5d4000b000 JavaThread "main" [_thread_blocked, id=7769, stack(0x00007f5d46e3c000,0x00007f5d46f3d000)]

Other Threads:
=>0x00007f5d4007f000 VMThread [stack: 0x00007f5d335f6000,0x00007f5d336f7000] [id=7778]
  0x00007f5d400ba800 WatcherThread [stack: 0x00007f5d3280c000,0x00007f5d3290d000] [id=7785]

VM state:at safepoint (normal execution)

VM Mutex/Monitor currently owned by a thread:  ([mutex/lock_event])
[0x00007f5d400070e0] Threads_lock - owner thread: 0x00007f5d4007f000
[0x00007f5d400075e0] Heap_lock - owner thread: 0x00007f5d4000b000

Heap
 PSYoungGen      total 73728K, used 13080K [0x00000000eaa80000, 0x00000000f0280000, 0x0000000100000000)
  eden space 59392K, 0% used [0x00000000eaa80000,0x00000000eaa80000,0x00000000ee480000)
  from space 14336K, 91% used [0x00000000ee480000,0x00000000ef146338,0x00000000ef280000)
  to   space 12288K, 0% used [0x00000000ef280000,0x00000000ef280000,0x00000000efe80000)
 ParOldGen       total 45056K, used 44367K [0x00000000c0000000, 0x00000000c2c00000, 0x00000000eaa80000)
  object space 45056K, 98% used [0x00000000c0000000,0x00000000c2b53fe0,0x00000000c2c00000)
 PSPermGen       total 21504K, used 7639K [0x00000000b5a00000, 0x00000000b6f00000, 0x00000000c0000000)
  object space 21504K, 35% used [0x00000000b5a00000,0x00000000b6175ee8,0x00000000b6f00000)

Card table byte_map: [0x00007f5d3c78a000,0x00007f5d3c9de000] byte_map_base: 0x00007f5d3c1dd000

Polling page: 0x00007f5d46f59000

Code Cache  [0x00007f5d3c9de000, 0x00007f5d3cc4e000, 0x00007f5d3f9de000)
 total_blobs=929 nmethods=675 adapters=207 free_code_cache=47100Kb largest_free_block=48174272

Compilation events (10 events):
Event: 9,544 Thread 0x00007f5d400ad800 nmethod 682 0x00007f5d3cbd3a90 code [0x00007f5d3cbd3c00, 0x00007f5d3cbd3db8]
Event: 9,544 Thread 0x00007f5d400aa800 nmethod 681 0x00007f5d3cbd3790 code [0x00007f5d3cbd38e0, 0x00007f5d3cbd39f8]
Event: 9,595 Thread 0x00007f5d400ad800  683             com.android.dx.io.instructions.InstructionCodec$34::decode (314 bytes)
Event: 9,639 Thread 0x00007f5d400aa800  684             com.android.dx.io.instructions.ShortArrayCodeOutput::write (33 bytes)
Event: 9,663 Thread 0x00007f5d400aa800 nmethod 684 0x00007f5d3cbd3190 code [0x00007f5d3cbd32e0, 0x00007f5d3cbd3638]
Event: 9,663 Thread 0x00007f5d400aa800  685             com.android.dx.io.instructions.InstructionCodec$14::decode (53 bytes)
Event: 9,672 Thread 0x00007f5d400aa800 nmethod 685 0x00007f5d3cbe2390 code [0x00007f5d3cbe24e0, 0x00007f5d3cbe26b8]
Event: 9,672 Thread 0x00007f5d400aa800  686             com.android.dx.io.instructions.InstructionCodec$14::encode (29 bytes)
Event: 9,681 Thread 0x00007f5d400aa800 nmethod 686 0x00007f5d3cbe1d10 code [0x00007f5d3cbe1e80, 0x00007f5d3cbe2098]
Event: 9,682 Thread 0x00007f5d400ad800 nmethod 683 0x00007f5d3cbeaf50 code [0x00007f5d3cbeb140, 0x00007f5d3cbec338]

GC Heap History (10 events):
Event: 2,459 GC heap after
Heap after GC invocations=2 (full 0):
 PSYoungGen      total 17920K, used 2533K [0x00000000eaa80000, 0x00000000ecd80000, 0x0000000100000000)
  eden space 15360K, 0% used [0x00000000eaa80000,0x00000000eaa80000,0x00000000eb980000)
  from space 2560K, 98% used [0x00000000ebc00000,0x00000000ebe79518,0x00000000ebe80000)
  to   space 2560K, 0% used [0x00000000eb980000,0x00000000eb980000,0x00000000ebc00000)
 ParOldGen       total 40448K, used 4655K [0x00000000c0000000, 0x00000000c2780000, 0x00000000eaa80000)
  object space 40448K, 11% used [0x00000000c0000000,0x00000000c048bde8,0x00000000c2780000)
 PSPermGen       total 21504K, used 5514K [0x00000000b5a00000, 0x00000000b6f00000, 0x00000000c0000000)
  object space 21504K, 25% used [0x00000000b5a00000,0x00000000b5f62bf0,0x00000000b6f00000)
}
Event: 3,549 GC heap before
{Heap before GC invocations=3 (full 0):
 PSYoungGen      total 17920K, used 17893K [0x00000000eaa80000, 0x00000000ecd80000, 0x0000000100000000)
  eden space 15360K, 100% used [0x00000000eaa80000,0x00000000eb980000,0x00000000eb980000)
  from space 2560K, 98% used [0x00000000ebc00000,0x00000000ebe79518,0x00000000ebe80000)
  to   space 2560K, 0% used [0x00000000eb980000,0x00000000eb980000,0x00000000ebc00000)
 ParOldGen       total 40448K, used 4655K [0x00000000c0000000, 0x00000000c2780000, 0x00000000eaa80000)
  object space 40448K, 11% used [0x00000000c0000000,0x00000000c048bde8,0x00000000c2780000)
 PSPermGen       total 21504K, used 6010K [0x00000000b5a00000, 0x00000000b6f00000, 0x00000000c0000000)
  object space 21504K, 27% used [0x00000000b5a00000,0x00000000b5fde9e8,0x00000000b6f00000)
Event: 3,568 GC heap after
Heap after GC invocations=3 (full 0):
 PSYoungGen      total 17920K, used 2533K [0x00000000eaa80000, 0x00000000ecd80000, 0x0000000100000000)
  eden space 15360K, 0% used [0x00000000eaa80000,0x00000000eaa80000,0x00000000eb980000)
  from space 2560K, 98% used [0x00000000eb980000,0x00000000ebbf9530,0x00000000ebc00000)
  to   space 2560K, 0% used [0x00000000ecb00000,0x00000000ecb00000,0x00000000ecd80000)
 ParOldGen       total 40448K, used 8375K [0x00000000c0000000, 0x00000000c2780000, 0x00000000eaa80000)
  object space 40448K, 20% used [0x00000000c0000000,0x00000000c082dfe8,0x00000000c2780000)
 PSPermGen       total 21504K, used 6010K [0x00000000b5a00000, 0x00000000b6f00000, 0x00000000c0000000)
  object space 21504K, 27% used [0x00000000b5a00000,0x00000000b5fde9e8,0x00000000b6f00000)
}
Event: 7,231 GC heap before
{Heap before GC invocations=4 (full 0):
 PSYoungGen      total 17920K, used 17307K [0x00000000eaa80000, 0x00000000ecd80000, 0x0000000100000000)
  eden space 15360K, 96% used [0x00000000eaa80000,0x00000000eb8ed808,0x00000000eb980000)
  from space 2560K, 98% used [0x00000000eb980000,0x00000000ebbf9530,0x00000000ebc00000)
  to   space 2560K, 0% used [0x00000000ecb00000,0x00000000ecb00000,0x00000000ecd80000)
 ParOldGen       total 40448K, used 8375K [0x00000000c0000000, 0x00000000c2780000, 0x00000000eaa80000)
  object space 40448K, 20% used [0x00000000c0000000,0x00000000c082dfe8,0x00000000c2780000)
 PSPermGen       total 21504K, used 7559K [0x00000000b5a00000, 0x00000000b6f00000, 0x00000000c0000000)
  object space 21504K, 35% used [0x00000000b5a00000,0x00000000b6161d98,0x00000000b6f00000)
Event: 7,246 GC heap after
Heap after GC invocations=4 (full 0):
 PSYoungGen      total 33280K, used 2546K [0x00000000eaa80000, 0x00000000ecd80000, 0x0000000100000000)
  eden space 30720K, 0% used [0x00000000eaa80000,0x00000000eaa80000,0x00000000ec880000)
  from space 2560K, 99% used [0x00000000ecb00000,0x00000000ecd7cbf8,0x00000000ecd80000)
  to   space 2560K, 0% used [0x00000000ec880000,0x00000000ec880000,0x00000000ecb00000)
 ParOldGen       total 40448K, used 10082K [0x00000000c0000000, 0x00000000c2780000, 0x00000000eaa80000)
  object space 40448K, 24% used [0x00000000c0000000,0x00000000c09d8bf8,0x00000000c2780000)
 PSPermGen       total 21504K, used 7559K [0x00000000b5a00000, 0x00000000b6f00000, 0x00000000c0000000)
  object space 21504K, 35% used [0x00000000b5a00000,0x00000000b6161d98,0x00000000b6f00000)
}
Event: 8,300 GC heap before
{Heap before GC invocations=5 (full 0):
 PSYoungGen      total 33280K, used 33266K [0x00000000eaa80000, 0x00000000ecd80000, 0x0000000100000000)
  eden space 30720K, 100% used [0x00000000eaa80000,0x00000000ec880000,0x00000000ec880000)
  from space 2560K, 99% used [0x00000000ecb00000,0x00000000ecd7cbf8,0x00000000ecd80000)
  to   space 2560K, 0% used [0x00000000ec880000,0x00000000ec880000,0x00000000ecb00000)
 ParOldGen       total 40448K, used 10082K [0x00000000c0000000, 0x00000000c2780000, 0x00000000eaa80000)
  object space 40448K, 24% used [0x00000000c0000000,0x00000000c09d8bf8,0x00000000c2780000)
 PSPermGen       total 21504K, used 7603K [0x00000000b5a00000, 0x00000000b6f00000, 0x00000000c0000000)
  object space 21504K, 35% used [0x00000000b5a00000,0x00000000b616ccc0,0x00000000b6f00000)
Event: 8,331 GC heap after
Heap after GC invocations=5 (full 0):
 PSYoungGen      total 33280K, used 2552K [0x00000000eaa80000, 0x00000000efe80000, 0x0000000100000000)
  eden space 30720K, 0% used [0x00000000eaa80000,0x00000000eaa80000,0x00000000ec880000)
  from space 2560K, 99% used [0x00000000ec880000,0x00000000ecafe0e0,0x00000000ecb00000)
  to   space 12288K, 0% used [0x00000000ef280000,0x00000000ef280000,0x00000000efe80000)
 ParOldGen       total 40448K, used 20908K [0x00000000c0000000, 0x00000000c2780000, 0x00000000eaa80000)
  object space 40448K, 51% used [0x00000000c0000000,0x00000000c146b390,0x00000000c2780000)
 PSPermGen       total 21504K, used 7603K [0x00000000b5a00000, 0x00000000b6f00000, 0x00000000c0000000)
  object space 21504K, 35% used [0x00000000b5a00000,0x00000000b616ccc0,0x00000000b6f00000)
}
Event: 8,971 GC heap before
{Heap before GC invocations=6 (full 0):
 PSYoungGen      total 33280K, used 33272K [0x00000000eaa80000, 0x00000000efe80000, 0x0000000100000000)
  eden space 30720K, 100% used [0x00000000eaa80000,0x00000000ec880000,0x00000000ec880000)
  from space 2560K, 99% used [0x00000000ec880000,0x00000000ecafe0e0,0x00000000ecb00000)
  to   space 12288K, 0% used [0x00000000ef280000,0x00000000ef280000,0x00000000efe80000)
 ParOldGen       total 40448K, used 20908K [0x00000000c0000000, 0x00000000c2780000, 0x00000000eaa80000)
  object space 40448K, 51% used [0x00000000c0000000,0x00000000c146b390,0x00000000c2780000)
 PSPermGen       total 21504K, used 7629K [0x00000000b5a00000, 0x00000000b6f00000, 0x00000000c0000000)
  object space 21504K, 35% used [0x00000000b5a00000,0x00000000b6173768,0x00000000b6f00000)
Event: 9,005 GC heap after
Heap after GC invocations=6 (full 0):
 PSYoungGen      total 71680K, used 12088K [0x00000000eaa80000, 0x00000000f0280000, 0x0000000100000000)
  eden space 59392K, 0% used [0x00000000eaa80000,0x00000000eaa80000,0x00000000ee480000)
  from space 12288K, 98% used [0x00000000ef280000,0x00000000efe4e0d8,0x00000000efe80000)
  to   space 14336K, 0% used [0x00000000ee480000,0x00000000ee480000,0x00000000ef280000)
 ParOldGen       total 40448K, used 25720K [0x00000000c0000000, 0x00000000c2780000, 0x00000000eaa80000)
  object space 40448K, 63% used [0x00000000c0000000,0x00000000c191e3d0,0x00000000c2780000)
 PSPermGen       total 21504K, used 7629K [0x00000000b5a00000, 0x00000000b6f00000, 0x00000000c0000000)
  object space 21504K, 35% used [0x00000000b5a00000,0x00000000b6173768,0x00000000b6f00000)
}
Event: 9,802 GC heap before
{Heap before GC invocations=7 (full 0):
 PSYoungGen      total 71680K, used 70282K [0x00000000eaa80000, 0x00000000f0280000, 0x0000000100000000)
  eden space 59392K, 97% used [0x00000000eaa80000,0x00000000ee354970,0x00000000ee480000)
  from space 12288K, 98% used [0x00000000ef280000,0x00000000efe4e0d8,0x00000000efe80000)
  to   space 14336K, 0% used [0x00000000ee480000,0x00000000ee480000,0x00000000ef280000)
 ParOldGen       total 40448K, used 25720K [0x00000000c0000000, 0x00000000c2780000, 0x00000000eaa80000)
  object space 40448K, 63% used [0x00000000c0000000,0x00000000c191e3d0,0x00000000c2780000)
 PSPermGen       total 21504K, used 7639K [0x00000000b5a00000, 0x00000000b6f00000, 0x00000000c0000000)
  object space 21504K, 35% used [0x00000000b5a00000,0x00000000b6175ee8,0x00000000b6f00000)

Deoptimization events (10 events):
Event: 5,923 Thread 0x00007f5d4000b000 Uncommon trap: reason=class_check action=maybe_recompile pc=0x00007f5d3caca6fc method=java.util.HashMap.<init>(IF)V @ 115
Event: 5,923 Thread 0x00007f5d4000b000 Uncommon trap: reason=class_check action=maybe_recompile pc=0x00007f5d3cac94e0 method=java.util.ArrayList.<init>(Ljava/util/Collection;)V @ 6
Event: 6,523 Thread 0x00007f5d4000b000 Uncommon trap: reason=class_check action=maybe_recompile pc=0x00007f5d3cb48e44 method=com.android.dex.Leb128.readUnsignedLeb128(Lcom/android/dex/util/ByteInput;)I @ 5
Event: 6,523 Thread 0x00007f5d4000b000 Uncommon trap: reason=class_check action=maybe_recompile pc=0x00007f5d3cb48e44 method=com.android.dex.Leb128.readUnsignedLeb128(Lcom/android/dex/util/ByteInput;)I @ 5
Event: 6,523 Thread 0x00007f5d4000b000 Uncommon trap: reason=class_check action=maybe_recompile pc=0x00007f5d3cb48e44 method=com.android.dex.Leb128.readUnsignedLeb128(Lcom/android/dex/util/ByteInput;)I @ 5
Event: 6,523 Thread 0x00007f5d4000b000 Uncommon trap: reason=class_check action=maybe_recompile pc=0x00007f5d3cb48e44 method=com.android.dex.Leb128.readUnsignedLeb128(Lcom/android/dex/util/ByteInput;)I @ 5
Event: 6,894 Thread 0x00007f5d4000b000 Uncommon trap: reason=predicate action=maybe_recompile pc=0x00007f5d3cb4ccd4 method=com.android.dex.Leb128.readUnsignedLeb128(Lcom/android/dex/util/ByteInput;)I @ 41
Event: 8,686 Thread 0x00007f5d4000b000 Uncommon trap: reason=predicate action=maybe_recompile pc=0x00007f5d3cb87fd0 method=java.util.ComparableTimSort.binarySort([Ljava/lang/Object;III)V @ 37
Event: 9,218 Thread 0x00007f5d4000b000 Uncommon trap: reason=array_check action=maybe_recompile pc=0x00007f5d3cb8f450 method=java.util.ComparableTimSort.binarySort([Ljava/lang/Object;III)V @ 193
Event: 9,399 Thread 0x00007f5d4000b000 Uncommon trap: reason=predicate action=maybe_recompile pc=0x00007f5d3cbc7ad8 method=java.util.TimSort.binarySort([Ljava/lang/Object;IIILjava/util/Comparator;)V @ 37

Internal exceptions (10 events):
Event: 5,417 Thread 0x00007f5d4000b000 Threw 0x00000000eae93fd8 at /build/buildd/openjdk-7-7u65-2.5.1/build/openjdk/hotspot/src/share/vm/prims/jvm.cpp:1247
Event: 5,432 Thread 0x00007f5d4000b000 Threw 0x00000000eae9beb0 at /build/buildd/openjdk-7-7u65-2.5.1/build/openjdk/hotspot/src/share/vm/prims/jvm.cpp:1247
Event: 5,434 Thread 0x00007f5d4000b000 Threw 0x00000000eae9ee18 at /build/buildd/openjdk-7-7u65-2.5.1/build/openjdk/hotspot/src/share/vm/prims/jvm.cpp:1247
Event: 5,844 Thread 0x00007f5d4000b000 Threw 0x00000000eaf6ed58 at /build/buildd/openjdk-7-7u65-2.5.1/build/openjdk/hotspot/src/share/vm/prims/jvm.cpp:1247
Event: 5,844 Thread 0x00007f5d4000b000 Threw 0x00000000eaf6ee80 at /build/buildd/openjdk-7-7u65-2.5.1/build/openjdk/hotspot/src/share/vm/prims/jvm.cpp:1247
Event: 5,846 Thread 0x00007f5d4000b000 Threw 0x00000000eaf71530 at /build/buildd/openjdk-7-7u65-2.5.1/build/openjdk/hotspot/src/share/vm/prims/jvm.cpp:1247
Event: 5,846 Thread 0x00007f5d4000b000 Threw 0x00000000eaf71658 at /build/buildd/openjdk-7-7u65-2.5.1/build/openjdk/hotspot/src/share/vm/prims/jvm.cpp:1247
Event: 5,846 Thread 0x00007f5d4000b000 Threw 0x00000000eaf72058 at /build/buildd/openjdk-7-7u65-2.5.1/build/openjdk/hotspot/src/share/vm/prims/jvm.cpp:1247
Event: 5,846 Thread 0x00007f5d4000b000 Threw 0x00000000eaf72180 at /build/buildd/openjdk-7-7u65-2.5.1/build/openjdk/hotspot/src/share/vm/prims/jvm.cpp:1247
Event: 7,606 Thread 0x00007f5d4000b000 Threw 0x00000000eb0d6cb0 at /build/buildd/openjdk-7-7u65-2.5.1/build/openjdk/hotspot/src/share/vm/prims/jvm.cpp:1247

Events (10 events):
Event: 9,005 Executing VM operation: ParallelGCFailedAllocation done
Event: 9,130 Thread 0x00007f5d400aa800 flushing nmethod 0x00007f5d3caa3b50
Event: 9,131 Thread 0x00007f5d400aa800 flushing nmethod 0x00007f5d3caca510
Event: 9,218 Thread 0x00007f5d4000b000 Uncommon trap: trap_request=0xffffffd6 fr.pc=0x00007f5d3cb8f450
Event: 9,218 Thread 0x00007f5d4000b000 DEOPT PACKING pc=0x00007f5d3cb8f450 sp=0x00007f5d46f3b410
Event: 9,218 Thread 0x00007f5d4000b000 DEOPT UNPACKING pc=0x00007f5d3ca17445 sp=0x00007f5d46f3b3e8 mode 2
Event: 9,399 Thread 0x00007f5d4000b000 Uncommon trap: trap_request=0xffffff86 fr.pc=0x00007f5d3cbc7ad8
Event: 9,399 Thread 0x00007f5d4000b000 DEOPT PACKING pc=0x00007f5d3cbc7ad8 sp=0x00007f5d46f3b450
Event: 9,399 Thread 0x00007f5d4000b000 DEOPT UNPACKING pc=0x00007f5d3ca17445 sp=0x00007f5d46f3b440 mode 2
Event: 9,802 Executing VM operation: ParallelGCFailedAllocation


Dynamic libraries:
00400000-00401000 r-xp 00000000 08:07 1187859                            /usr/lib/jvm/java-7-openjdk-amd64/jre/bin/java
00600000-00601000 r--p 00000000 08:07 1187859                            /usr/lib/jvm/java-7-openjdk-amd64/jre/bin/java
00601000-00602000 rw-p 00001000 08:07 1187859                            /usr/lib/jvm/java-7-openjdk-amd64/jre/bin/java
02311000-02332000 rw-p 00000000 00:00 0                                  [heap]
b5a00000-b6f00000 rw-p 00000000 00:00 0 
b6f00000-c0000000 rw-p 00000000 00:00 0 
c0000000-c2c00000 rw-p 00000000 00:00 0 
c2c00000-eaa80000 rw-p 00000000 00:00 0 
eaa80000-f0280000 rw-p 00000000 00:00 0 
f3e80000-100000000 rw-p 00000000 00:00 0 
7f5cc4000000-7f5cc4035000 rw-p 00000000 00:00 0 
7f5cc4035000-7f5cc8000000 ---p 00000000 00:00 0 
7f5ccc000000-7f5ccc03f000 rw-p 00000000 00:00 0 
7f5ccc03f000-7f5cd0000000 ---p 00000000 00:00 0 
7f5cd0000000-7f5cd002a000 rw-p 00000000 00:00 0 
7f5cd002a000-7f5cd4000000 ---p 00000000 00:00 0 
7f5cd4000000-7f5cd4021000 rw-p 00000000 00:00 0 
7f5cd4021000-7f5cd8000000 ---p 00000000 00:00 0 
7f5cd8000000-7f5cd8021000 rw-p 00000000 00:00 0 
7f5cd8021000-7f5cdc000000 ---p 00000000 00:00 0 
7f5cdc000000-7f5cdc021000 rw-p 00000000 00:00 0 
7f5cdc021000-7f5ce0000000 ---p 00000000 00:00 0 
7f5ce0000000-7f5ce0021000 rw-p 00000000 00:00 0 
7f5ce0021000-7f5ce4000000 ---p 00000000 00:00 0 
7f5ce4000000-7f5ce4f18000 rw-p 00000000 00:00 0 
7f5ce4f18000-7f5ce8000000 ---p 00000000 00:00 0 
7f5ce8000000-7f5ce8f87000 rw-p 00000000 00:00 0 
7f5ce8f87000-7f5cec000000 ---p 00000000 00:00 0 
7f5cec000000-7f5cec021000 rw-p 00000000 00:00 0 
7f5cec021000-7f5cf0000000 ---p 00000000 00:00 0 
7f5cf0000000-7f5cf0021000 rw-p 00000000 00:00 0 
7f5cf0021000-7f5cf4000000 ---p 00000000 00:00 0 
7f5cf4000000-7f5cf4246000 rw-p 00000000 00:00 0 
7f5cf4246000-7f5cf8000000 ---p 00000000 00:00 0 
7f5cf8000000-7f5cf8021000 rw-p 00000000 00:00 0 
7f5cf8021000-7f5cfc000000 ---p 00000000 00:00 0 
7f5cfc000000-7f5cfc021000 rw-p 00000000 00:00 0 
7f5cfc021000-7f5d00000000 ---p 00000000 00:00 0 
7f5d04000000-7f5d04021000 rw-p 00000000 00:00 0 
7f5d04021000-7f5d08000000 ---p 00000000 00:00 0 
7f5d0c000000-7f5d0c021000 rw-p 00000000 00:00 0 
7f5d0c021000-7f5d10000000 ---p 00000000 00:00 0 
7f5d14000000-7f5d14021000 rw-p 00000000 00:00 0 
7f5d14021000-7f5d18000000 ---p 00000000 00:00 0 
7f5d1c000000-7f5d1c021000 rw-p 00000000 00:00 0 
7f5d1c021000-7f5d20000000 ---p 00000000 00:00 0 
7f5d24000000-7f5d24021000 rw-p 00000000 00:00 0 
7f5d24021000-7f5d28000000 ---p 00000000 00:00 0 
7f5d2c000000-7f5d2c021000 rw-p 00000000 00:00 0 
7f5d2c021000-7f5d30000000 ---p 00000000 00:00 0 
7f5d30ba6000-7f5d30be2000 r-xp 00000000 08:07 1707715                    /lib/x86_64-linux-gnu/libpcre.so.3.12.1
7f5d30be2000-7f5d30de1000 ---p 0003c000 08:07 1707715                    /lib/x86_64-linux-gnu/libpcre.so.3.12.1
7f5d30de1000-7f5d30de2000 r--p 0003b000 08:07 1707715                    /lib/x86_64-linux-gnu/libpcre.so.3.12.1
7f5d30de2000-7f5d30de3000 rw-p 0003c000 08:07 1707715                    /lib/x86_64-linux-gnu/libpcre.so.3.12.1
7f5d30de3000-7f5d30dea000 r-xp 00000000 08:07 1056283                    /usr/lib/x86_64-linux-gnu/libffi.so.6.0.0
7f5d30dea000-7f5d30fe9000 ---p 00007000 08:07 1056283                    /usr/lib/x86_64-linux-gnu/libffi.so.6.0.0
7f5d30fe9000-7f5d30fea000 r--p 00006000 08:07 1056283                    /usr/lib/x86_64-linux-gnu/libffi.so.6.0.0
7f5d30fea000-7f5d30feb000 rw-p 00007000 08:07 1056283                    /usr/lib/x86_64-linux-gnu/libffi.so.6.0.0
7f5d30feb000-7f5d31003000 r-xp 00000000 08:07 1713298                    /lib/x86_64-linux-gnu/libresolv-2.15.so
7f5d31003000-7f5d31203000 ---p 00018000 08:07 1713298                    /lib/x86_64-linux-gnu/libresolv-2.15.so
7f5d31203000-7f5d31204000 r--p 00018000 08:07 1713298                    /lib/x86_64-linux-gnu/libresolv-2.15.so
7f5d31204000-7f5d31205000 rw-p 00019000 08:07 1713298                    /lib/x86_64-linux-gnu/libresolv-2.15.so
7f5d31205000-7f5d31207000 rw-p 00000000 00:00 0 
7f5d31207000-7f5d31224000 r-xp 00000000 08:07 1707730                    /lib/x86_64-linux-gnu/libselinux.so.1
7f5d31224000-7f5d31423000 ---p 0001d000 08:07 1707730                    /lib/x86_64-linux-gnu/libselinux.so.1
7f5d31423000-7f5d31424000 r--p 0001c000 08:07 1707730                    /lib/x86_64-linux-gnu/libselinux.so.1
7f5d31424000-7f5d31425000 rw-p 0001d000 08:07 1707730                    /lib/x86_64-linux-gnu/libselinux.so.1
7f5d31425000-7f5d31426000 rw-p 00000000 00:00 0 
7f5d31426000-7f5d31429000 r-xp 00000000 08:07 1048959                    /usr/lib/x86_64-linux-gnu/libgmodule-2.0.so.0.3200.4
7f5d31429000-7f5d31628000 ---p 00003000 08:07 1048959                    /usr/lib/x86_64-linux-gnu/libgmodule-2.0.so.0.3200.4
7f5d31628000-7f5d31629000 r--p 00002000 08:07 1048959                    /usr/lib/x86_64-linux-gnu/libgmodule-2.0.so.0.3200.4
7f5d31629000-7f5d3162a000 rw-p 00003000 08:07 1048959                    /usr/lib/x86_64-linux-gnu/libgmodule-2.0.so.0.3200.4
7f5d3162a000-7f5d3171c000 r-xp 00000000 08:07 1708224                    /lib/x86_64-linux-gnu/libglib-2.0.so.0.3200.4
7f5d3171c000-7f5d3191c000 ---p 000f2000 08:07 1708224                    /lib/x86_64-linux-gnu/libglib-2.0.so.0.3200.4
7f5d3191c000-7f5d3191d000 r--p 000f2000 08:07 1708224                    /lib/x86_64-linux-gnu/libglib-2.0.so.0.3200.4
7f5d3191d000-7f5d3191e000 rw-p 000f3000 08:07 1708224                    /lib/x86_64-linux-gnu/libglib-2.0.so.0.3200.4
7f5d3191e000-7f5d3191f000 rw-p 00000000 00:00 0 
7f5d3191f000-7f5d3196c000 r-xp 00000000 08:07 1048995                    /usr/lib/x86_64-linux-gnu/libgobject-2.0.so.0.3200.4
7f5d3196c000-7f5d31b6c000 ---p 0004d000 08:07 1048995                    /usr/lib/x86_64-linux-gnu/libgobject-2.0.so.0.3200.4
7f5d31b6c000-7f5d31b6d000 r--p 0004d000 08:07 1048995                    /usr/lib/x86_64-linux-gnu/libgobject-2.0.so.0.3200.4
7f5d31b6d000-7f5d31b6e000 rw-p 0004e000 08:07 1048995                    /usr/lib/x86_64-linux-gnu/libgobject-2.0.so.0.3200.4
7f5d31b6e000-7f5d31cb6000 r-xp 00000000 08:07 1048994                    /usr/lib/x86_64-linux-gnu/libgio-2.0.so.0.3200.4
7f5d31cb6000-7f5d31eb5000 ---p 00148000 08:07 1048994                    /usr/lib/x86_64-linux-gnu/libgio-2.0.so.0.3200.4
7f5d31eb5000-7f5d31eb9000 r--p 00147000 08:07 1048994                    /usr/lib/x86_64-linux-gnu/libgio-2.0.so.0.3200.4
7f5d31eb9000-7f5d31ebb000 rw-p 0014b000 08:07 1048994                    /usr/lib/x86_64-linux-gnu/libgio-2.0.so.0.3200.4
7f5d31ebb000-7f5d31ebd000 rw-p 00000000 00:00 0 
7f5d31ebd000-7f5d31ed4000 r-xp 00000000 08:07 1320317                    /usr/lib/jvm/java-7-openjdk-amd64/jre/lib/amd64/libnet.so
7f5d31ed4000-7f5d320d3000 ---p 00017000 08:07 1320317                    /usr/lib/jvm/java-7-openjdk-amd64/jre/lib/amd64/libnet.so
7f5d320d3000-7f5d320d4000 r--p 00016000 08:07 1320317                    /usr/lib/jvm/java-7-openjdk-amd64/jre/lib/amd64/libnet.so
7f5d320d4000-7f5d320d5000 rw-p 00017000 08:07 1320317                    /usr/lib/jvm/java-7-openjdk-amd64/jre/lib/amd64/libnet.so
7f5d320d5000-7f5d320e5000 r-xp 00000000 08:07 1320313                    /usr/lib/jvm/java-7-openjdk-amd64/jre/lib/amd64/libnio.so
7f5d320e5000-7f5d322e5000 ---p 00010000 08:07 1320313                    /usr/lib/jvm/java-7-openjdk-amd64/jre/lib/amd64/libnio.so
7f5d322e5000-7f5d322e6000 r--p 00010000 08:07 1320313                    /usr/lib/jvm/java-7-openjdk-amd64/jre/lib/amd64/libnio.so
7f5d322e6000-7f5d322e7000 rw-p 00011000 08:07 1320313                    /usr/lib/jvm/java-7-openjdk-amd64/jre/lib/amd64/libnio.so
7f5d322e7000-7f5d322ea000 ---p 00000000 00:00 0 
7f5d322ea000-7f5d323e8000 rw-p 00000000 00:00 0 
7f5d323e8000-7f5d323eb000 ---p 00000000 00:00 0 
7f5d323eb000-7f5d324e9000 rw-p 00000000 00:00 0 
7f5d324e9000-7f5d324ec000 ---p 00000000 00:00 0 
7f5d324ec000-7f5d325ea000 rw-p 00000000 00:00 0 
7f5d325ea000-7f5d325ed000 ---p 00000000 00:00 0 
7f5d325ed000-7f5d326eb000 rw-p 00000000 00:00 0 
7f5d326eb000-7f5d326ee000 ---p 00000000 00:00 0 
7f5d326ee000-7f5d327ec000 rw-p 00000000 00:00 0 
7f5d327ec000-7f5d327fb000 r--s 000df000 08:07 2108450                    /home/jesus/Escritorio/eclipse/adt-bundle-linux-x86_64-20140702/sdk/build-tools/23.0.1/lib/dx.jar
7f5d327fb000-7f5d327fc000 r--s 00002000 08:07 1320305                    /usr/lib/jvm/java-7-openjdk-amd64/jre/lib/ext/dnsns.jar
7f5d327fc000-7f5d327fe000 r--s 00012000 08:07 1320304                    /usr/lib/jvm/java-7-openjdk-amd64/jre/lib/ext/zipfs.jar
7f5d327fe000-7f5d32801000 r--s 00032000 08:07 1320303                    /usr/lib/jvm/java-7-openjdk-amd64/jre/lib/ext/sunjce_provider.jar
7f5d32801000-7f5d32805000 r--s 00085000 08:07 1320307                    /usr/lib/jvm/java-7-openjdk-amd64/jre/lib/ext/localedata.jar
7f5d32805000-7f5d32808000 r--s 0000f000 08:07 1320306                    /usr/lib/jvm/java-7-openjdk-amd64/jre/lib/ext/pulse-java.jar
7f5d32808000-7f5d32809000 r--s 00007000 08:07 1446869                    /usr/share/java/java-atk-wrapper.jar
7f5d32809000-7f5d3280c000 r--s 0003c000 08:07 1320302                    /usr/lib/jvm/java-7-openjdk-amd64/jre/lib/ext/sunpkcs11.jar
7f5d3280c000-7f5d3280d000 ---p 00000000 00:00 0 
7f5d3280d000-7f5d3290d000 rw-p 00000000 00:00 0 
7f5d3290d000-7f5d32910000 ---p 00000000 00:00 0 
7f5d32910000-7f5d32a0e000 rw-p 00000000 00:00 0 
7f5d32a0e000-7f5d32a11000 ---p 00000000 00:00 0 
7f5d32a11000-7f5d32b0f000 rw-p 00000000 00:00 0 
7f5d32b0f000-7f5d32b12000 ---p 00000000 00:00 0 
7f5d32b12000-7f5d32c10000 rw-p 00000000 00:00 0 
7f5d32c10000-7f5d32c13000 ---p 00000000 00:00 0 
7f5d32c13000-7f5d32d11000 rw-p 00000000 00:00 0 
7f5d32d11000-7f5d333f4000 r--p 00000000 08:07 1055264                    /usr/lib/locale/locale-archive
7f5d333f4000-7f5d333f7000 ---p 00000000 00:00 0 
7f5d333f7000-7f5d334f5000 rw-p 00000000 00:00 0 
7f5d334f5000-7f5d334f8000 ---p 00000000 00:00 0 
7f5d334f8000-7f5d335f6000 rw-p 00000000 00:00 0 
7f5d335f6000-7f5d335f7000 ---p 00000000 00:00 0 
7f5d335f7000-7f5d34000000 rw-p 00000000 00:00 0 
7f5d34000000-7f5d34021000 rw-p 00000000 00:00 0 
7f5d34021000-7f5d38000000 ---p 00000000 00:00 0 
7f5d380fe000-7f5d39482000 rw-p 00000000 00:00 0 
7f5d39482000-7f5d39633000 r--s 01d21000 08:07 1187850                    /usr/lib/jvm/java-7-openjdk-amd64/jre/lib/rt.jar
7f5d39633000-7f5d3be2c000 rw-p 00000000 00:00 0 
7f5d3be2c000-7f5d3be2d000 ---p 00000000 00:00 0 
7f5d3be2d000-7f5d3bf2d000 rw-p 00000000 00:00 0 
7f5d3bf2d000-7f5d3bf2e000 ---p 00000000 00:00 0 
7f5d3bf2e000-7f5d3c02e000 rw-p 00000000 00:00 0 
7f5d3c02e000-7f5d3c02f000 ---p 00000000 00:00 0 
7f5d3c02f000-7f5d3c12f000 rw-p 00000000 00:00 0 
7f5d3c12f000-7f5d3c130000 ---p 00000000 00:00 0 
7f5d3c130000-7f5d3c230000 rw-p 00000000 00:00 0 
7f5d3c230000-7f5d3c231000 ---p 00000000 00:00 0 
7f5d3c231000-7f5d3c331000 rw-p 00000000 00:00 0 
7f5d3c331000-7f5d3c332000 ---p 00000000 00:00 0 
7f5d3c332000-7f5d3c432000 rw-p 00000000 00:00 0 
7f5d3c432000-7f5d3c433000 ---p 00000000 00:00 0 
7f5d3c433000-7f5d3c533000 rw-p 00000000 00:00 0 
7f5d3c533000-7f5d3c534000 ---p 00000000 00:00 0 
7f5d3c534000-7f5d3c64a000 rw-p 00000000 00:00 0 
7f5d3c64a000-7f5d3c78a000 rw-p 00000000 00:00 0 
7f5d3c78a000-7f5d3c795000 rw-p 00000000 00:00 0 
7f5d3c795000-7f5d3c7dd000 rw-p 00000000 00:00 0 
7f5d3c7dd000-7f5d3c7f3000 rw-p 00000000 00:00 0 
7f5d3c7f3000-7f5d3c932000 rw-p 00000000 00:00 0 
7f5d3c932000-7f5d3c95f000 rw-p 00000000 00:00 0 
7f5d3c95f000-7f5d3c9dd000 rw-p 00000000 00:00 0 
7f5d3c9dd000-7f5d3c9de000 rw-p 00000000 00:00 0 
7f5d3c9de000-7f5d3cc4e000 rwxp 00000000 00:00 0 
7f5d3cc4e000-7f5d3f9de000 rw-p 00000000 00:00 0 
7f5d3f9de000-7f5d3f9e6000 r-xp 00000000 08:07 1320338                    /usr/lib/jvm/java-7-openjdk-amd64/jre/lib/amd64/libzip.so
7f5d3f9e6000-7f5d3fbe5000 ---p 00008000 08:07 1320338                    /usr/lib/jvm/java-7-openjdk-amd64/jre/lib/amd64/libzip.so
7f5d3fbe5000-7f5d3fbe6000 r--p 00007000 08:07 1320338                    /usr/lib/jvm/java-7-openjdk-amd64/jre/lib/amd64/libzip.so
7f5d3fbe6000-7f5d3fbe7000 rw-p 00008000 08:07 1320338                    /usr/lib/jvm/java-7-openjdk-amd64/jre/lib/amd64/libzip.so
7f5d3fbe7000-7f5d3fbf3000 r-xp 00000000 08:07 1713297                    /lib/x86_64-linux-gnu/libnss_files-2.15.so
7f5d3fbf3000-7f5d3fdf2000 ---p 0000c000 08:07 1713297                    /lib/x86_64-linux-gnu/libnss_files-2.15.so
7f5d3fdf2000-7f5d3fdf3000 r--p 0000b000 08:07 1713297                    /lib/x86_64-linux-gnu/libnss_files-2.15.so
7f5d3fdf3000-7f5d3fdf4000 rw-p 0000c000 08:07 1713297                    /lib/x86_64-linux-gnu/libnss_files-2.15.so
7f5d3fdf4000-7f5d3fdfe000 r-xp 00000000 08:07 1713301                    /lib/x86_64-linux-gnu/libnss_nis-2.15.so
7f5d3fdfe000-7f5d3fffe000 ---p 0000a000 08:07 1713301                    /lib/x86_64-linux-gnu/libnss_nis-2.15.so
7f5d3fffe000-7f5d3ffff000 r--p 0000a000 08:07 1713301                    /lib/x86_64-linux-gnu/libnss_nis-2.15.so
7f5d3ffff000-7f5d40000000 rw-p 0000b000 08:07 1713301                    /lib/x86_64-linux-gnu/libnss_nis-2.15.so
7f5d40000000-7f5d402c8000 rw-p 00000000 00:00 0 
7f5d402c8000-7f5d44000000 ---p 00000000 00:00 0 
7f5d4400a000-7f5d44098000 rw-p 00000000 00:00 0 
7f5d44098000-7f5d440e0000 rw-p 00000000 00:00 0 
7f5d440e0000-7f5d440f7000 r-xp 00000000 08:07 1713313                    /lib/x86_64-linux-gnu/libnsl-2.15.so
7f5d440f7000-7f5d442f6000 ---p 00017000 08:07 1713313                    /lib/x86_64-linux-gnu/libnsl-2.15.so
7f5d442f6000-7f5d442f7000 r--p 00016000 08:07 1713313                    /lib/x86_64-linux-gnu/libnsl-2.15.so
7f5d442f7000-7f5d442f8000 rw-p 00017000 08:07 1713313                    /lib/x86_64-linux-gnu/libnsl-2.15.so
7f5d442f8000-7f5d442fa000 rw-p 00000000 00:00 0 
7f5d442fa000-7f5d44302000 r-xp 00000000 08:07 1713295                    /lib/x86_64-linux-gnu/libnss_compat-2.15.so
7f5d44302000-7f5d44501000 ---p 00008000 08:07 1713295                    /lib/x86_64-linux-gnu/libnss_compat-2.15.so
7f5d44501000-7f5d44502000 r--p 00007000 08:07 1713295                    /lib/x86_64-linux-gnu/libnss_compat-2.15.so
7f5d44502000-7f5d44503000 rw-p 00008000 08:07 1713295                    /lib/x86_64-linux-gnu/libnss_compat-2.15.so
7f5d44503000-7f5d4452c000 r-xp 00000000 08:07 1320325                    /usr/lib/jvm/java-7-openjdk-amd64/jre/lib/amd64/libjava.so
7f5d4452c000-7f5d4472b000 ---p 00029000 08:07 1320325                    /usr/lib/jvm/java-7-openjdk-amd64/jre/lib/amd64/libjava.so
7f5d4472b000-7f5d4472c000 r--p 00028000 08:07 1320325                    /usr/lib/jvm/java-7-openjdk-amd64/jre/lib/amd64/libjava.so
7f5d4472c000-7f5d4472e000 rw-p 00029000 08:07 1320325                    /usr/lib/jvm/java-7-openjdk-amd64/jre/lib/amd64/libjava.so
7f5d4472e000-7f5d4473c000 r-xp 00000000 08:07 1320324                    /usr/lib/jvm/java-7-openjdk-amd64/jre/lib/amd64/libverify.so
7f5d4473c000-7f5d4493b000 ---p 0000e000 08:07 1320324                    /usr/lib/jvm/java-7-openjdk-amd64/jre/lib/amd64/libverify.so
7f5d4493b000-7f5d4493d000 r--p 0000d000 08:07 1320324                    /usr/lib/jvm/java-7-openjdk-amd64/jre/lib/amd64/libverify.so
7f5d4493d000-7f5d4493e000 rw-p 0000f000 08:07 1320324                    /usr/lib/jvm/java-7-openjdk-amd64/jre/lib/amd64/libverify.so
7f5d4493e000-7f5d44945000 r-xp 00000000 08:07 1713300                    /lib/x86_64-linux-gnu/librt-2.15.so
7f5d44945000-7f5d44b44000 ---p 00007000 08:07 1713300                    /lib/x86_64-linux-gnu/librt-2.15.so
7f5d44b44000-7f5d44b45000 r--p 00006000 08:07 1713300                    /lib/x86_64-linux-gnu/librt-2.15.so
7f5d44b45000-7f5d44b46000 rw-p 00007000 08:07 1713300                    /lib/x86_64-linux-gnu/librt-2.15.so
7f5d44b46000-7f5d44b5b000 r-xp 00000000 08:07 1707663                    /lib/x86_64-linux-gnu/libgcc_s.so.1
7f5d44b5b000-7f5d44d5a000 ---p 00015000 08:07 1707663                    /lib/x86_64-linux-gnu/libgcc_s.so.1
7f5d44d5a000-7f5d44d5b000 r--p 00014000 08:07 1707663                    /lib/x86_64-linux-gnu/libgcc_s.so.1
7f5d44d5b000-7f5d44d5c000 rw-p 00015000 08:07 1707663                    /lib/x86_64-linux-gnu/libgcc_s.so.1
7f5d44d5c000-7f5d44e57000 r-xp 00000000 08:07 1713304                    /lib/x86_64-linux-gnu/libm-2.15.so
7f5d44e57000-7f5d45056000 ---p 000fb000 08:07 1713304                    /lib/x86_64-linux-gnu/libm-2.15.so
7f5d45056000-7f5d45057000 r--p 000fa000 08:07 1713304                    /lib/x86_64-linux-gnu/libm-2.15.so
7f5d45057000-7f5d45058000 rw-p 000fb000 08:07 1713304                    /lib/x86_64-linux-gnu/libm-2.15.so
7f5d45058000-7f5d4513a000 r-xp 00000000 08:07 1056648                    /usr/lib/x86_64-linux-gnu/libstdc++.so.6.0.16
7f5d4513a000-7f5d45339000 ---p 000e2000 08:07 1056648                    /usr/lib/x86_64-linux-gnu/libstdc++.so.6.0.16
7f5d45339000-7f5d45341000 r--p 000e1000 08:07 1056648                    /usr/lib/x86_64-linux-gnu/libstdc++.so.6.0.16
7f5d45341000-7f5d45343000 rw-p 000e9000 08:07 1056648                    /usr/lib/x86_64-linux-gnu/libstdc++.so.6.0.16
7f5d45343000-7f5d45358000 rw-p 00000000 00:00 0 
7f5d45358000-7f5d45e45000 r-xp 00000000 08:07 1836473                    /usr/lib/jvm/java-7-openjdk-amd64/jre/lib/amd64/server/libjvm.so
7f5d45e45000-7f5d46044000 ---p 00aed000 08:07 1836473                    /usr/lib/jvm/java-7-openjdk-amd64/jre/lib/amd64/server/libjvm.so
7f5d46044000-7f5d460e5000 r--p 00aec000 08:07 1836473                    /usr/lib/jvm/java-7-openjdk-amd64/jre/lib/amd64/server/libjvm.so
7f5d460e5000-7f5d46108000 rw-p 00b8d000 08:07 1836473                    /usr/lib/jvm/java-7-openjdk-amd64/jre/lib/amd64/server/libjvm.so
7f5d46108000-7f5d46135000 rw-p 00000000 00:00 0 
7f5d46135000-7f5d4614b000 r-xp 00000000 08:07 1707753                    /lib/x86_64-linux-gnu/libz.so.1.2.3.4
7f5d4614b000-7f5d4634a000 ---p 00016000 08:07 1707753                    /lib/x86_64-linux-gnu/libz.so.1.2.3.4
7f5d4634a000-7f5d4634b000 r--p 00015000 08:07 1707753                    /lib/x86_64-linux-gnu/libz.so.1.2.3.4
7f5d4634b000-7f5d4634c000 rw-p 00016000 08:07 1707753                    /lib/x86_64-linux-gnu/libz.so.1.2.3.4
7f5d4634c000-7f5d46364000 r-xp 00000000 08:07 1713302                    /lib/x86_64-linux-gnu/libpthread-2.15.so
7f5d46364000-7f5d46563000 ---p 00018000 08:07 1713302                    /lib/x86_64-linux-gnu/libpthread-2.15.so
7f5d46563000-7f5d46564000 r--p 00017000 08:07 1713302                    /lib/x86_64-linux-gnu/libpthread-2.15.so
7f5d46564000-7f5d46565000 rw-p 00018000 08:07 1713302                    /lib/x86_64-linux-gnu/libpthread-2.15.so
7f5d46565000-7f5d46569000 rw-p 00000000 00:00 0 
7f5d46569000-7f5d4656b000 r-xp 00000000 08:07 1713308                    /lib/x86_64-linux-gnu/libdl-2.15.so
7f5d4656b000-7f5d4676b000 ---p 00002000 08:07 1713308                    /lib/x86_64-linux-gnu/libdl-2.15.so
7f5d4676b000-7f5d4676c000 r--p 00002000 08:07 1713308                    /lib/x86_64-linux-gnu/libdl-2.15.so
7f5d4676c000-7f5d4676d000 rw-p 00003000 08:07 1713308                    /lib/x86_64-linux-gnu/libdl-2.15.so
7f5d4676d000-7f5d46922000 r-xp 00000000 08:07 1713293                    /lib/x86_64-linux-gnu/libc-2.15.so
7f5d46922000-7f5d46b21000 ---p 001b5000 08:07 1713293                    /lib/x86_64-linux-gnu/libc-2.15.so
7f5d46b21000-7f5d46b25000 r--p 001b4000 08:07 1713293                    /lib/x86_64-linux-gnu/libc-2.15.so
7f5d46b25000-7f5d46b27000 rw-p 001b8000 08:07 1713293                    /lib/x86_64-linux-gnu/libc-2.15.so
7f5d46b27000-7f5d46b2c000 rw-p 00000000 00:00 0 
7f5d46b2c000-7f5d46b39000 r-xp 00000000 08:07 1709036                    /usr/lib/jvm/java-7-openjdk-amd64/jre/lib/amd64/jli/libjli.so
7f5d46b39000-7f5d46d38000 ---p 0000d000 08:07 1709036                    /usr/lib/jvm/java-7-openjdk-amd64/jre/lib/amd64/jli/libjli.so
7f5d46d38000-7f5d46d39000 r--p 0000c000 08:07 1709036                    /usr/lib/jvm/java-7-openjdk-amd64/jre/lib/amd64/jli/libjli.so
7f5d46d39000-7f5d46d3a000 rw-p 0000d000 08:07 1709036                    /usr/lib/jvm/java-7-openjdk-amd64/jre/lib/amd64/jli/libjli.so
7f5d46d3a000-7f5d46d5c000 r-xp 00000000 08:07 1713305                    /lib/x86_64-linux-gnu/ld-2.15.so
7f5d46d64000-7f5d46d86000 rw-p 00000000 00:00 0 
7f5d46d86000-7f5d46e3c000 rw-p 00000000 00:00 0 
7f5d46e3c000-7f5d46e3f000 ---p 00000000 00:00 0 
7f5d46e3f000-7f5d46f42000 rw-p 00000000 00:00 0 
7f5d46f4a000-7f5d46f4b000 rw-p 00000000 00:00 0 
7f5d46f4b000-7f5d46f50000 r--s 0004c000 08:07 1187853                    /usr/lib/jvm/java-7-openjdk-amd64/jre/lib/jsse.jar
7f5d46f50000-7f5d46f58000 rw-s 00000000 08:07 133766                     /tmp/hsperfdata_jesus/7764
7f5d46f58000-7f5d46f59000 rw-p 00000000 00:00 0 
7f5d46f59000-7f5d46f5a000 ---p 00000000 00:00 0 
7f5d46f5a000-7f5d46f5c000 rw-p 00000000 00:00 0 
7f5d46f5c000-7f5d46f5d000 r--p 00022000 08:07 1713305                    /lib/x86_64-linux-gnu/ld-2.15.so
7f5d46f5d000-7f5d46f5f000 rw-p 00023000 08:07 1713305                    /lib/x86_64-linux-gnu/ld-2.15.so
7ffff9ecc000-7ffff9eed000 rw-p 00000000 00:00 0                          [stack]
7ffff9fff000-7ffffa000000 r-xp 00000000 00:00 0                          [vdso]
ffffffffff600000-ffffffffff601000 r-xp 00000000 00:00 0                  [vsyscall]

VM Arguments:
jvm_args: -Xmx1024M -Dfile.encoding=UTF-8 -Duser.country=ES -Duser.language=es -Duser.variant 
java_command: com.android.dx.command.Main --dex --num-threads=4 --output /home/jesus/AndroidStudioProjects/ACDAT_Tema4/app/build/intermediates/dex/debug /home/jesus/AndroidStudioProjects/ACDAT_Tema4/app/build/intermediates/classes/debug /home/jesus/AndroidStudioProjects/ACDAT_Tema4/app/build/intermediates/pre-dexed/debug/support-annotations-23.1.1-4c2b4206c2edd11d281a9945a502ca926e921d63.jar /home/jesus/AndroidStudioProjects/ACDAT_Tema4/app/build/intermediates/pre-dexed/debug/android-async-http-1.4.9-ca2189ba49f5192fd3b4407bddd63cea4c0bfa6e.jar /home/jesus/AndroidStudioProjects/ACDAT_Tema4/app/build/intermediates/pre-dexed/debug/gson-2.4-e4e493faf2c3c7dcc0d0d3ea9fb9ded2947f2da2.jar /home/jesus/AndroidStudioProjects/ACDAT_Tema4/app/build/intermediates/pre-dexed/debug/internal_impl-23.1.1-7156f13a4d3fd093e46453893ff1e65b8d933bbc.jar /home/jesus/AndroidStudioProjects/ACDAT_Tema4/app/build/intermediates/pre-dexed/debug/classes-647744b99f62481e951f954e531f9c5cb6059c2d.jar /home/jesus/AndroidStudioProjects/ACDAT_Tema4/app/build/intermediates/pre-dexed/debug/httpclient-4.4.1.1-2dd66eca79ba265714fbefee07bd7a223abd3104.jar /home/jesus/AndroidStudioProjects/ACDAT_Tema4/app/build/intermediates/pre-dexed/debug/classes-0406708f524b05b70eb420951a73443f8cc9e4b8.jar
Launcher Type: SUN_STANDARD

Environment Variables:
PATH=/usr/local/sbin:/usr/local/bin:/usr/sbin:/usr/bin:/sbin:/bin:/usr/games
USERNAME=jesus
LD_LIBRARY_PATH=/home/jesus/Escritorio/Curso 2015-2016/android-studio/bin:
SHELL=/bin/bash
DISPLAY=:0.0

Signal Handlers:
SIGSEGV: [libjvm.so+0x924de0], sa_mask[0]=0x7ffbfeff, sa_flags=0x10000004
SIGBUS: [libjvm.so+0x924de0], sa_mask[0]=0x7ffbfeff, sa_flags=0x10000004
SIGFPE: [libjvm.so+0x7a4d90], sa_mask[0]=0x7ffbfeff, sa_flags=0x10000004
SIGPIPE: [libjvm.so+0x7a4d90], sa_mask[0]=0x7ffbfeff, sa_flags=0x10000004
SIGXFSZ: [libjvm.so+0x7a4d90], sa_mask[0]=0x7ffbfeff, sa_flags=0x10000004
SIGILL: [libjvm.so+0x7a4d90], sa_mask[0]=0x7ffbfeff, sa_flags=0x10000004
SIGUSR1: SIG_DFL, sa_mask[0]=0x00000000, sa_flags=0x00000000
SIGUSR2: [libjvm.so+0x7a4fb0], sa_mask[0]=0x00000004, sa_flags=0x10000004
SIGHUP: [libjvm.so+0x7a5120], sa_mask[0]=0x7ffbfeff, sa_flags=0x10000004
SIGINT: [libjvm.so+0x7a5120], sa_mask[0]=0x7ffbfeff, sa_flags=0x10000004
SIGTERM: [libjvm.so+0x7a5120], sa_mask[0]=0x7ffbfeff, sa_flags=0x10000004
SIGQUIT: [libjvm.so+0x7a5120], sa_mask[0]=0x7ffbfeff, sa_flags=0x10000004
SIGTRAP: SIG_DFL, sa_mask[0]=0x00000000, sa_flags=0x00000000


---------------  S Y S T E M  ---------------

OS:LinuxMint 13 (maya)
uname:Linux 3.2.0-23-generic #36-Ubuntu SMP Tue Apr 10 20:39:51 UTC 2012 x86_64
libc:glibc 2.15 NPTL 2.15 
rlimit: STACK 8192k, CORE 0k, NPROC 30331, NOFILE 4096, AS infinity
load average:4,74 2,83 2,29

/proc/meminfo:
MemTotal:        3899996 kB
MemFree:           99620 kB
Buffers:             696 kB
Cached:           570144 kB
SwapCached:            0 kB
Active:          3157852 kB
Inactive:         465112 kB
Active(anon):    3150872 kB
Inactive(anon):   436352 kB
Active(file):       6980 kB
Inactive(file):    28760 kB
Unevictable:           0 kB
Mlocked:               0 kB
SwapTotal:             0 kB
SwapFree:              0 kB
Dirty:               112 kB
Writeback:           140 kB
AnonPages:       3053932 kB
Mapped:            24212 kB
Shmem:            533484 kB
Slab:              69592 kB
SReclaimable:      29376 kB
SUnreclaim:        40216 kB
KernelStack:        4200 kB
PageTables:        28364 kB
NFS_Unstable:          0 kB
Bounce:                0 kB
WritebackTmp:          0 kB
CommitLimit:     1949996 kB
Committed_AS:    7015996 kB
VmallocTotal:   34359738367 kB
VmallocUsed:      602176 kB
VmallocChunk:   34359093708 kB
HardwareCorrupted:     0 kB
AnonHugePages:         0 kB
HugePages_Total:       0
HugePages_Free:        0
HugePages_Rsvd:        0
HugePages_Surp:        0
Hugepagesize:       2048 kB
DirectMap4k:       73728 kB
DirectMap2M:     3971072 kB


CPU:total 8 (4 cores per cpu, 2 threads per core) family 6 model 42 stepping 7, cmov, cx8, fxsr, mmx, sse, sse2, sse3, ssse3, sse4.1, sse4.2, popcnt, avx, aes, ht, tsc, tscinvbit

/proc/cpuinfo:
processor	: 0
vendor_id	: GenuineIntel
cpu family	: 6
model		: 42
model name	: Intel(R) Core(TM) i7-2630QM CPU @ 2.00GHz
stepping	: 7
microcode	: 0x25
cpu MHz		: 900.000
cache size	: 6144 KB
physical id	: 0
siblings	: 8
core id		: 0
cpu cores	: 4
apicid		: 0
initial apicid	: 0
fpu		: yes
fpu_exception	: yes
cpuid level	: 13
wp		: yes
flags		: fpu vme de pse tsc msr pae mce cx8 apic sep mtrr pge mca cmov pat pse36 clflush dts acpi mmx fxsr sse sse2 ss ht tm pbe syscall nx rdtscp lm constant_tsc arch_perfmon pebs bts rep_good nopl xtopology nonstop_tsc aperfmperf pni pclmulqdq dtes64 monitor ds_cpl vmx est tm2 ssse3 cx16 xtpr pdcm pcid sse4_1 sse4_2 x2apic popcnt tsc_deadline_timer aes xsave avx lahf_lm ida arat epb xsaveopt pln pts dts tpr_shadow vnmi flexpriority ept vpid
bogomips	: 3990.78
clflush size	: 64
cache_alignment	: 64
address sizes	: 36 bits physical, 48 bits virtual
power management:

processor	: 1
vendor_id	: GenuineIntel
cpu family	: 6
model		: 42
model name	: Intel(R) Core(TM) i7-2630QM CPU @ 2.00GHz
stepping	: 7
microcode	: 0x25
cpu MHz		: 900.000
cache size	: 6144 KB
physical id	: 0
siblings	: 8
core id		: 0
cpu cores	: 4
apicid		: 1
initial apicid	: 1
fpu		: yes
fpu_exception	: yes
cpuid level	: 13
wp		: yes
flags		: fpu vme de pse tsc msr pae mce cx8 apic sep mtrr pge mca cmov pat pse36 clflush dts acpi mmx fxsr sse sse2 ss ht tm pbe syscall nx rdtscp lm constant_tsc arch_perfmon pebs bts rep_good nopl xtopology nonstop_tsc aperfmperf pni pclmulqdq dtes64 monitor ds_cpl vmx est tm2 ssse3 cx16 xtpr pdcm pcid sse4_1 sse4_2 x2apic popcnt tsc_deadline_timer aes xsave avx lahf_lm ida arat epb xsaveopt pln pts dts tpr_shadow vnmi flexpriority ept vpid
bogomips	: 3990.75
clflush size	: 64
cache_alignment	: 64
address sizes	: 36 bits physical, 48 bits virtual
power management:

processor	: 2
vendor_id	: GenuineIntel
cpu family	: 6
model		: 42
model name	: Intel(R) Core(TM) i7-2630QM CPU @ 2.00GHz
stepping	: 7
microcode	: 0x25
cpu MHz		: 800.000
cache size	: 6144 KB
physical id	: 0
siblings	: 8
core id		: 1
cpu cores	: 4
apicid		: 2
initial apicid	: 2
fpu		: yes
fpu_exception	: yes
cpuid level	: 13
wp		: yes
flags		: fpu vme de pse tsc msr pae mce cx8 apic sep mtrr pge mca cmov pat pse36 clflush dts acpi mmx fxsr sse sse2 ss ht tm pbe syscall nx rdtscp lm constant_tsc arch_perfmon pebs bts rep_good nopl xtopology nonstop_tsc aperfmperf pni pclmulqdq dtes64 monitor ds_cpl vmx est tm2 ssse3 cx16 xtpr pdcm pcid sse4_1 sse4_2 x2apic popcnt tsc_deadline_timer aes xsave avx lahf_lm ida arat epb xsaveopt pln pts dts tpr_shadow vnmi flexpriority ept vpid
bogomips	: 3990.75
clflush size	: 64
cache_alignment	: 64
address sizes	: 36 bits physical, 48 bits virtual
power management:

processor	: 3
vendor_id	: GenuineIntel
cpu family	: 6
model		: 42
model name	: Intel(R) Core(TM) i7-2630QM CPU @ 2.00GHz
stepping	: 7
microcode	: 0x25
cpu MHz		: 800.000
cache size	: 6144 KB
physical id	: 0
siblings	: 8
core id		: 1
cpu cores	: 4
apicid		: 3
initial apicid	: 3
fpu		: yes
fpu_exception	: yes
cpuid level	: 13
wp		: yes
flags		: fpu vme de pse tsc msr pae mce cx8 apic sep mtrr pge mca cmov pat pse36 clflush dts acpi mmx fxsr sse sse2 ss ht tm pbe syscall nx rdtscp lm constant_tsc arch_perfmon pebs bts rep_good nopl xtopology nonstop_tsc aperfmperf pni pclmulqdq dtes64 monitor ds_cpl vmx est tm2 ssse3 cx16 xtpr pdcm pcid sse4_1 sse4_2 x2apic popcnt tsc_deadline_timer aes xsave avx lahf_lm ida arat epb xsaveopt pln pts dts tpr_shadow vnmi flexpriority ept vpid
bogomips	: 3990.76
clflush size	: 64
cache_alignment	: 64
address sizes	: 36 bits physical, 48 bits virtual
power management:

processor	: 4
vendor_id	: GenuineIntel
cpu family	: 6
model		: 42
model name	: Intel(R) Core(TM) i7-2630QM CPU @ 2.00GHz
stepping	: 7
microcode	: 0x25
cpu MHz		: 900.000
cache size	: 6144 KB
physical id	: 0
siblings	: 8
core id		: 2
cpu cores	: 4
apicid		: 4
initial apicid	: 4
fpu		: yes
fpu_exception	: yes
cpuid level	: 13
wp		: yes
flags		: fpu vme de pse tsc msr pae mce cx8 apic sep mtrr pge mca cmov pat pse36 clflush dts acpi mmx fxsr sse sse2 ss ht tm pbe syscall nx rdtscp lm constant_tsc arch_perfmon pebs bts rep_good nopl xtopology nonstop_tsc aperfmperf pni pclmulqdq dtes64 monitor ds_cpl vmx est tm2 ssse3 cx16 xtpr pdcm pcid sse4_1 sse4_2 x2apic popcnt tsc_deadline_timer aes xsave avx lahf_lm ida arat epb xsaveopt pln pts dts tpr_shadow vnmi flexpriority ept vpid
bogomips	: 3990.75
clflush size	: 64
cache_alignment	: 64
address sizes	: 36 bits physical, 48 bits virtual
power management:

processor	: 5
vendor_id	: GenuineIntel
cpu family	: 6
model		: 42
model name	: Intel(R) Core(TM) i7-2630QM CPU @ 2.00GHz
stepping	: 7
microcode	: 0x25
cpu MHz		: 800.000
cache size	: 6144 KB
physical id	: 0
siblings	: 8
core id		: 2
cpu cores	: 4
apicid		: 5
initial apicid	: 5
fpu		: yes
fpu_exception	: yes
cpuid level	: 13
wp		: yes
flags		: fpu vme de pse tsc msr pae mce cx8 apic sep mtrr pge mca cmov pat pse36 clflush dts acpi mmx fxsr sse sse2 ss ht tm pbe syscall nx rdtscp lm constant_tsc arch_perfmon pebs bts rep_good nopl xtopology nonstop_tsc aperfmperf pni pclmulqdq dtes64 monitor ds_cpl vmx est tm2 ssse3 cx16 xtpr pdcm pcid sse4_1 sse4_2 x2apic popcnt tsc_deadline_timer aes xsave avx lahf_lm ida arat epb xsaveopt pln pts dts tpr_shadow vnmi flexpriority ept vpid
bogomips	: 3990.76
clflush size	: 64
cache_alignment	: 64
address sizes	: 36 bits physical, 48 bits virtual
power management:

processor	: 6
vendor_id	: GenuineIntel
cpu family	: 6
model		: 42
model name	: Intel(R) Core(TM) i7-2630QM CPU @ 2.00GHz
stepping	: 7
microcode	: 0x25
cpu MHz		: 800.000
cache size	: 6144 KB
physical id	: 0
siblings	: 8
core id		: 3
cpu cores	: 4
apicid		: 6
initial apicid	: 6
fpu		: yes
fpu_exception	: yes
cpuid level	: 13
wp		: yes
flags		: fpu vme de pse tsc msr pae mce cx8 apic sep mtrr pge mca cmov pat pse36 clflush dts acpi mmx fxsr sse sse2 ss ht tm pbe syscall nx rdtscp lm constant_tsc arch_perfmon pebs bts rep_good nopl xtopology nonstop_tsc aperfmperf pni pclmulqdq dtes64 monitor ds_cpl vmx est tm2 ssse3 cx16 xtpr pdcm pcid sse4_1 sse4_2 x2apic popcnt tsc_deadline_timer aes xsave avx lahf_lm ida arat epb xsaveopt pln pts dts tpr_shadow vnmi flexpriority ept vpid
bogomips	: 3990.74
clflush size	: 64
cache_alignment	: 64
address sizes	: 36 bits physical, 48 bits virtual
power management:

processor	: 7
vendor_id	: GenuineIntel
cpu family	: 6
model		: 42
model name	: Intel(R) Core(TM) i7-2630QM CPU @ 2.00GHz
stepping	: 7
microcode	: 0x25
cpu MHz		: 800.000
cache size	: 6144 KB
physical id	: 0
siblings	: 8
core id		: 3
cpu cores	: 4
apicid		: 7
initial apicid	: 7
fpu		: yes
fpu_exception	: yes
cpuid level	: 13
wp		: yes
flags		: fpu vme de pse tsc msr pae mce cx8 apic sep mtrr pge mca cmov pat pse36 clflush dts acpi mmx fxsr sse sse2 ss ht tm pbe syscall nx rdtscp lm constant_tsc arch_perfmon pebs bts rep_good nopl xtopology nonstop_tsc aperfmperf pni pclmulqdq dtes64 monitor ds_cpl vmx est tm2 ssse3 cx16 xtpr pdcm pcid sse4_1 sse4_2 x2apic popcnt tsc_deadline_timer aes xsave avx lahf_lm ida arat epb xsaveopt pln pts dts tpr_shadow vnmi flexpriority ept vpid
bogomips	: 3990.76
clflush size	: 64
cache_alignment	: 64
address sizes	: 36 bits physical, 48 bits virtual
power management:



Memory: 4k page, physical 3899996k(99620k free), swap 0k(0k free)

vm_info: OpenJDK 64-Bit Server VM (24.65-b04) for linux-amd64 JRE (1.7.0_65-b32), built on Aug 23 2014 13:37:14 by "buildd" with gcc 4.6.3

time: Wed May 18 18:36:00 2016
elapsed time: 24 seconds

