#
# There is insufficient memory for the Java Runtime Environment to continue.
# Native memory allocation (malloc) failed to allocate 74973184 bytes for committing reserved memory.
# Possible reasons:
#   The system is out of physical RAM or swap space
#   In 32 bit mode, the process size limit was hit
# Possible solutions:
#   Reduce memory load on the system
#   Increase physical memory or swap space
#   Check if swap backing store is full
#   Use 64 bit Java on a 64 bit OS
#   Decrease Java heap size (-Xmx/-Xms)
#   Decrease number of Java threads
#   Decrease Java thread stack sizes (-Xss)
#   Set larger code cache with -XX:ReservedCodeCacheSize=
# This output file may be truncated or incomplete.
#
#  Out of Memory Error (os_linux.cpp:2798), pid=7855, tid=140254252095232
#
# JRE version: OpenJDK Runtime Environment (7.0_65-b32) (build 1.7.0_65-b32)
# Java VM: OpenJDK 64-Bit Server VM (24.65-b04 mixed mode linux-amd64 compressed oops)
# Failed to write core dump. Core dumps have been disabled. To enable core dumping, try "ulimit -c unlimited" before starting Java again
#

---------------  T H R E A D  ---------------

Current thread (0x00007f8f8007f000):  VMThread [stack: 0x00007f8f7ccfd000,0x00007f8f7cdfe000] [id=7869]

Stack: [0x00007f8f7ccfd000,0x00007f8f7cdfe000],  sp=0x00007f8f7cdfc060,  free space=1020k
Native frames: (J=compiled Java code, j=interpreted, Vv=VM code, C=native code)
V  [libjvm.so+0x924383]  VMError::report_and_die()+0x173
V  [libjvm.so+0x488780]  report_vm_out_of_memory(char const*, int, unsigned long, char const*)+0x70
V  [libjvm.so+0x7aa413]  os::pd_commit_memory(char*, unsigned long, unsigned long, bool)+0x103
V  [libjvm.so+0x7a4106]  os::commit_memory(char*, unsigned long, unsigned long, bool)+0x26
V  [libjvm.so+0x81262b]  PSVirtualSpace::expand_by(unsigned long)+0x6b
V  [libjvm.so+0x8130bb]  PSYoungGen::resize_generation(unsigned long, unsigned long)+0xbb
V  [libjvm.so+0x813702]  PSYoungGen::resize(unsigned long, unsigned long)+0x22
V  [libjvm.so+0x810102]  PSScavenge::invoke_no_policy()+0xe22
V  [libjvm.so+0x810993]  PSScavenge::invoke()+0x43
V  [libjvm.so+0x7ca4cd]  ParallelScavengeHeap::failed_mem_allocate(unsigned long)+0x6d
V  [libjvm.so+0x925d90]  VM_ParallelGCFailedAllocation::doit()+0x90
V  [libjvm.so+0x92a402]  VM_Operation::evaluate()+0x52
V  [libjvm.so+0x928a8d]  VMThread::evaluate_operation(VM_Operation*)+0x9d
V  [libjvm.so+0x929156]  VMThread::loop()+0x1c6
V  [libjvm.so+0x9295c2]  VMThread::run()+0x72
V  [libjvm.so+0x7a6e72]  java_start(Thread*)+0x132

VM_Operation (0x00007f8f8a0f4250): ParallelGCFailedAllocation, mode: safepoint, requested by thread 0x00007f8f8000b000


---------------  P R O C E S S  ---------------

Java Threads: ( => current thread )
  0x00007f8f800ad800 JavaThread "Service Thread" daemon [_thread_blocked, id=7875, stack(0x00007f8f7c014000,0x00007f8f7c115000)]
  0x00007f8f800ab800 JavaThread "C2 CompilerThread1" daemon [_thread_blocked, id=7874, stack(0x00007f8f7c115000,0x00007f8f7c216000)]
  0x00007f8f800a8800 JavaThread "C2 CompilerThread0" daemon [_thread_blocked, id=7873, stack(0x00007f8f7c216000,0x00007f8f7c317000)]
  0x00007f8f800a6800 JavaThread "Signal Dispatcher" daemon [_thread_blocked, id=7872, stack(0x00007f8f7c317000,0x00007f8f7c418000)]
  0x00007f8f80085000 JavaThread "Finalizer" daemon [_thread_blocked, id=7871, stack(0x00007f8f7cafb000,0x00007f8f7cbfc000)]
  0x00007f8f80083000 JavaThread "Reference Handler" daemon [_thread_blocked, id=7870, stack(0x00007f8f7cbfc000,0x00007f8f7ccfd000)]
  0x00007f8f8000b000 JavaThread "main" [_thread_blocked, id=7860, stack(0x00007f8f89ff5000,0x00007f8f8a0f6000)]

Other Threads:
=>0x00007f8f8007f000 VMThread [stack: 0x00007f8f7ccfd000,0x00007f8f7cdfe000] [id=7869]
  0x00007f8f800b8800 WatcherThread [stack: 0x00007f8f6d9cf000,0x00007f8f6dad0000] [id=7876]

VM state:at safepoint (normal execution)

VM Mutex/Monitor currently owned by a thread:  ([mutex/lock_event])
[0x00007f8f800070e0] Threads_lock - owner thread: 0x00007f8f8007f000
[0x00007f8f800075e0] Heap_lock - owner thread: 0x00007f8f8000b000

Heap
 PSYoungGen      total 64000K, used 1582K [0x00000000eaa80000, 0x00000000eeb80000, 0x0000000100000000)
  eden space 61440K, 0% used [0x00000000eaa80000,0x00000000eaa80000,0x00000000ee680000)
  from space 2560K, 61% used [0x00000000ee680000,0x00000000ee80b868,0x00000000ee900000)
  to   space 2560K, 0% used [0x00000000ee900000,0x00000000ee900000,0x00000000eeb80000)
 ParOldGen       total 54272K, used 19037K [0x00000000c0000000, 0x00000000c3500000, 0x00000000eaa80000)
  object space 54272K, 35% used [0x00000000c0000000,0x00000000c12977f8,0x00000000c3500000)
 PSPermGen       total 21504K, used 7631K [0x00000000b5a00000, 0x00000000b6f00000, 0x00000000c0000000)
  object space 21504K, 35% used [0x00000000b5a00000,0x00000000b6173d58,0x00000000b6f00000)

Card table byte_map: [0x00007f8f86a23000,0x00007f8f86c77000] byte_map_base: 0x00007f8f86476000

Polling page: 0x00007f8f8a112000

Code Cache  [0x00007f8f7d000000, 0x00007f8f7d270000, 0x00007f8f80000000)
 total_blobs=901 nmethods=645 adapters=207 free_code_cache=47139Kb largest_free_block=48245696

Compilation events (10 events):
Event: 10,694 Thread 0x00007f8f800ab800 nmethod 651 0x00007f8f7d1ebc10 code [0x00007f8f7d1ebd40, 0x00007f8f7d1ebd98]
Event: 10,694 Thread 0x00007f8f800ab800  652             com.android.dex.TypeList::getTypes (5 bytes)
Event: 10,695 Thread 0x00007f8f800ab800 nmethod 652 0x00007f8f7d1e0e10 code [0x00007f8f7d1e0f40, 0x00007f8f7d1e0f98]
Event: 10,695 Thread 0x00007f8f800ab800  653             com.android.dx.merge.SortableType::isDepthAssigned (14 bytes)
Event: 10,696 Thread 0x00007f8f800ab800 nmethod 653 0x00007f8f7d18d710 code [0x00007f8f7d18d840, 0x00007f8f7d18d898]
Event: 10,696 Thread 0x00007f8f800ab800  654             java.util.TimSort::binarySort (223 bytes)
Event: 10,719 Thread 0x00007f8f800ab800 nmethod 654 0x00007f8f7d1f0e50 code [0x00007f8f7d1f0fe0, 0x00007f8f7d1f1678]
Event: 10,719 Thread 0x00007f8f800ab800  655             com.android.dx.io.instructions.InstructionCodec$2::decode (27 bytes)
Event: 10,723 Thread 0x00007f8f800ab800 nmethod 655 0x00007f8f7d18d410 code [0x00007f8f7d18d560, 0x00007f8f7d18d658]
Event: 10,723 Thread 0x00007f8f800ab800  656             com.android.dx.io.instructions.InstructionCodec$2::encode (11 bytes)

GC Heap History (10 events):
Event: 2,540 GC heap after
Heap after GC invocations=1 (full 0):
 PSYoungGen      total 17920K, used 2544K [0x00000000eaa80000, 0x00000000ecd80000, 0x0000000100000000)
  eden space 15360K, 0% used [0x00000000eaa80000,0x00000000eaa80000,0x00000000eb980000)
  from space 2560K, 99% used [0x00000000eb980000,0x00000000ebbfc048,0x00000000ebc00000)
  to   space 2560K, 0% used [0x00000000ecb00000,0x00000000ecb00000,0x00000000ecd80000)
 ParOldGen       total 40448K, used 1873K [0x00000000c0000000, 0x00000000c2780000, 0x00000000eaa80000)
  object space 40448K, 4% used [0x00000000c0000000,0x00000000c01d4758,0x00000000c2780000)
 PSPermGen       total 21504K, used 5243K [0x00000000b5a00000, 0x00000000b6f00000, 0x00000000c0000000)
  object space 21504K, 24% used [0x00000000b5a00000,0x00000000b5f1ed80,0x00000000b6f00000)
}
Event: 3,374 GC heap before
{Heap before GC invocations=2 (full 0):
 PSYoungGen      total 17920K, used 17904K [0x00000000eaa80000, 0x00000000ecd80000, 0x0000000100000000)
  eden space 15360K, 100% used [0x00000000eaa80000,0x00000000eb980000,0x00000000eb980000)
  from space 2560K, 99% used [0x00000000eb980000,0x00000000ebbfc048,0x00000000ebc00000)
  to   space 2560K, 0% used [0x00000000ecb00000,0x00000000ecb00000,0x00000000ecd80000)
 ParOldGen       total 40448K, used 1873K [0x00000000c0000000, 0x00000000c2780000, 0x00000000eaa80000)
  object space 40448K, 4% used [0x00000000c0000000,0x00000000c01d4758,0x00000000c2780000)
 PSPermGen       total 21504K, used 5605K [0x00000000b5a00000, 0x00000000b6f00000, 0x00000000c0000000)
  object space 21504K, 26% used [0x00000000b5a00000,0x00000000b5f79478,0x00000000b6f00000)
Event: 3,392 GC heap after
Heap after GC invocations=2 (full 0):
 PSYoungGen      total 33280K, used 2540K [0x00000000eaa80000, 0x00000000ecd80000, 0x0000000100000000)
  eden space 30720K, 0% used [0x00000000eaa80000,0x00000000eaa80000,0x00000000ec880000)
  from space 2560K, 99% used [0x00000000ecb00000,0x00000000ecd7b3e0,0x00000000ecd80000)
  to   space 2560K, 0% used [0x00000000ec880000,0x00000000ec880000,0x00000000ecb00000)
 ParOldGen       total 40448K, used 4512K [0x00000000c0000000, 0x00000000c2780000, 0x00000000eaa80000)
  object space 40448K, 11% used [0x00000000c0000000,0x00000000c0468358,0x00000000c2780000)
 PSPermGen       total 21504K, used 5605K [0x00000000b5a00000, 0x00000000b6f00000, 0x00000000c0000000)
  object space 21504K, 26% used [0x00000000b5a00000,0x00000000b5f79478,0x00000000b6f00000)
}
Event: 7,865 GC heap before
{Heap before GC invocations=3 (full 0):
 PSYoungGen      total 33280K, used 32756K [0x00000000eaa80000, 0x00000000ecd80000, 0x0000000100000000)
  eden space 30720K, 98% used [0x00000000eaa80000,0x00000000ec801f78,0x00000000ec880000)
  from space 2560K, 99% used [0x00000000ecb00000,0x00000000ecd7b3e0,0x00000000ecd80000)
  to   space 2560K, 0% used [0x00000000ec880000,0x00000000ec880000,0x00000000ecb00000)
 ParOldGen       total 40448K, used 4512K [0x00000000c0000000, 0x00000000c2780000, 0x00000000eaa80000)
  object space 40448K, 11% used [0x00000000c0000000,0x00000000c0468358,0x00000000c2780000)
 PSPermGen       total 21504K, used 7559K [0x00000000b5a00000, 0x00000000b6f00000, 0x00000000c0000000)
  object space 21504K, 35% used [0x00000000b5a00000,0x00000000b6161ce8,0x00000000b6f00000)
Event: 7,883 GC heap after
Heap after GC invocations=3 (full 0):
 PSYoungGen      total 33280K, used 2559K [0x00000000eaa80000, 0x00000000eeb80000, 0x0000000100000000)
  eden space 30720K, 0% used [0x00000000eaa80000,0x00000000eaa80000,0x00000000ec880000)
  from space 2560K, 99% used [0x00000000ec880000,0x00000000ecaffc40,0x00000000ecb00000)
  to   space 2560K, 0% used [0x00000000ee900000,0x00000000ee900000,0x00000000eeb80000)
 ParOldGen       total 40448K, used 9565K [0x00000000c0000000, 0x00000000c2780000, 0x00000000eaa80000)
  object space 40448K, 23% used [0x00000000c0000000,0x00000000c0957718,0x00000000c2780000)
 PSPermGen       total 21504K, used 7559K [0x00000000b5a00000, 0x00000000b6f00000, 0x00000000c0000000)
  object space 21504K, 35% used [0x00000000b5a00000,0x00000000b6161ce8,0x00000000b6f00000)
}
Event: 8,811 GC heap before
{Heap before GC invocations=4 (full 0):
 PSYoungGen      total 33280K, used 33279K [0x00000000eaa80000, 0x00000000eeb80000, 0x0000000100000000)
  eden space 30720K, 100% used [0x00000000eaa80000,0x00000000ec880000,0x00000000ec880000)
  from space 2560K, 99% used [0x00000000ec880000,0x00000000ecaffc40,0x00000000ecb00000)
  to   space 2560K, 0% used [0x00000000ee900000,0x00000000ee900000,0x00000000eeb80000)
 ParOldGen       total 40448K, used 9565K [0x00000000c0000000, 0x00000000c2780000, 0x00000000eaa80000)
  object space 40448K, 23% used [0x00000000c0000000,0x00000000c0957718,0x00000000c2780000)
 PSPermGen       total 21504K, used 7603K [0x00000000b5a00000, 0x00000000b6f00000, 0x00000000c0000000)
  object space 21504K, 35% used [0x00000000b5a00000,0x00000000b616cc10,0x00000000b6f00000)
Event: 8,852 GC heap after
Heap after GC invocations=4 (full 0):
 PSYoungGen      total 64000K, used 2545K [0x00000000eaa80000, 0x00000000eeb80000, 0x0000000100000000)
  eden space 61440K, 0% used [0x00000000eaa80000,0x00000000eaa80000,0x00000000ee680000)
  from space 2560K, 99% used [0x00000000ee900000,0x00000000eeb7c7e0,0x00000000eeb80000)
  to   space 2560K, 0% used [0x00000000ee680000,0x00000000ee680000,0x00000000ee900000)
 ParOldGen       total 40448K, used 28404K [0x00000000c0000000, 0x00000000c2780000, 0x00000000eaa80000)
  object space 40448K, 70% used [0x00000000c0000000,0x00000000c1bbd030,0x00000000c2780000)
 PSPermGen       total 21504K, used 7603K [0x00000000b5a00000, 0x00000000b6f00000, 0x00000000c0000000)
  object space 21504K, 35% used [0x00000000b5a00000,0x00000000b616cc10,0x00000000b6f00000)
}
Event: 8,872 GC heap before
{Heap before GC invocations=5 (full 1):
 PSYoungGen      total 64000K, used 2545K [0x00000000eaa80000, 0x00000000eeb80000, 0x0000000100000000)
  eden space 61440K, 0% used [0x00000000eaa80000,0x00000000eaa80000,0x00000000ee680000)
  from space 2560K, 99% used [0x00000000ee900000,0x00000000eeb7c7e0,0x00000000eeb80000)
  to   space 2560K, 0% used [0x00000000ee680000,0x00000000ee680000,0x00000000ee900000)
 ParOldGen       total 40448K, used 28404K [0x00000000c0000000, 0x00000000c2780000, 0x00000000eaa80000)
  object space 40448K, 70% used [0x00000000c0000000,0x00000000c1bbd030,0x00000000c2780000)
 PSPermGen       total 21504K, used 7603K [0x00000000b5a00000, 0x00000000b6f00000, 0x00000000c0000000)
  object space 21504K, 35% used [0x00000000b5a00000,0x00000000b616cc10,0x00000000b6f00000)
Event: 9,103 GC heap after
Heap after GC invocations=5 (full 1):
 PSYoungGen      total 64000K, used 0K [0x00000000eaa80000, 0x00000000eeb80000, 0x0000000100000000)
  eden space 61440K, 0% used [0x00000000eaa80000,0x00000000eaa80000,0x00000000ee680000)
  from space 2560K, 0% used [0x00000000ee900000,0x00000000ee900000,0x00000000eeb80000)
  to   space 2560K, 0% used [0x00000000ee680000,0x00000000ee680000,0x00000000ee900000)
 ParOldGen       total 54272K, used 12398K [0x00000000c0000000, 0x00000000c3500000, 0x00000000eaa80000)
  object space 54272K, 22% used [0x00000000c0000000,0x00000000c0c1b968,0x00000000c3500000)
 PSPermGen       total 21504K, used 7600K [0x00000000b5a00000, 0x00000000b6f00000, 0x00000000c0000000)
  object space 21504K, 35% used [0x00000000b5a00000,0x00000000b616c018,0x00000000b6f00000)
}
Event: 11,712 GC heap before
{Heap before GC invocations=6 (full 1):
 PSYoungGen      total 64000K, used 61440K [0x00000000eaa80000, 0x00000000eeb80000, 0x0000000100000000)
  eden space 61440K, 100% used [0x00000000eaa80000,0x00000000ee680000,0x00000000ee680000)
  from space 2560K, 0% used [0x00000000ee900000,0x00000000ee900000,0x00000000eeb80000)
  to   space 2560K, 0% used [0x00000000ee680000,0x00000000ee680000,0x00000000ee900000)
 ParOldGen       total 54272K, used 12398K [0x00000000c0000000, 0x00000000c3500000, 0x00000000eaa80000)
  object space 54272K, 22% used [0x00000000c0000000,0x00000000c0c1b968,0x00000000c3500000)
 PSPermGen       total 21504K, used 7631K [0x00000000b5a00000, 0x00000000b6f00000, 0x00000000c0000000)
  object space 21504K, 35% used [0x00000000b5a00000,0x00000000b6173d58,0x00000000b6f00000)

Deoptimization events (10 events):
Event: 5,343 Thread 0x00007f8f8000b000 Uncommon trap: reason=unreached action=reinterpret pc=0x00007f8f7d0c8c1c method=java.util.Arrays.copyOf([Ljava/lang/Object;ILjava/lang/Class;)[Ljava/lang/Object; @ 4
Event: 5,384 Thread 0x00007f8f8000b000 Uncommon trap: reason=class_check action=maybe_recompile pc=0x00007f8f7d0f8dfc method=java.util.HashMap.<init>(IF)V @ 115
Event: 5,387 Thread 0x00007f8f8000b000 Uncommon trap: reason=class_check action=maybe_recompile pc=0x00007f8f7d0f8dfc method=java.util.HashMap.<init>(IF)V @ 115
Event: 6,367 Thread 0x00007f8f8000b000 Uncommon trap: reason=class_check action=maybe_recompile pc=0x00007f8f7d0f8dfc method=java.util.HashMap.<init>(IF)V @ 115
Event: 6,392 Thread 0x00007f8f8000b000 Uncommon trap: reason=class_check action=maybe_recompile pc=0x00007f8f7d0f9420 method=java.util.ArrayList.<init>(Ljava/util/Collection;)V @ 6
Event: 6,420 Thread 0x00007f8f8000b000 Uncommon trap: reason=class_check action=maybe_recompile pc=0x00007f8f7d0f8dfc method=java.util.HashMap.<init>(IF)V @ 115
Event: 6,421 Thread 0x00007f8f8000b000 Uncommon trap: reason=class_check action=maybe_recompile pc=0x00007f8f7d0f9420 method=java.util.ArrayList.<init>(Ljava/util/Collection;)V @ 6
Event: 7,557 Thread 0x00007f8f8000b000 Uncommon trap: reason=predicate action=maybe_recompile pc=0x00007f8f7d16e8d0 method=com.android.dex.Leb128.readUnsignedLeb128(Lcom/android/dex/util/ByteInput;)I @ 41
Event: 9,736 Thread 0x00007f8f8000b000 Uncommon trap: reason=predicate action=maybe_recompile pc=0x00007f8f7d1b8c10 method=java.util.ComparableTimSort.binarySort([Ljava/lang/Object;III)V @ 37
Event: 10,191 Thread 0x00007f8f8000b000 Uncommon trap: reason=array_check action=maybe_recompile pc=0x00007f8f7d1e2190 method=java.util.ComparableTimSort.binarySort([Ljava/lang/Object;III)V @ 193

Internal exceptions (10 events):
Event: 6,039 Thread 0x00007f8f8000b000 Threw 0x00000000ebe292b0 at /build/buildd/openjdk-7-7u65-2.5.1/build/openjdk/hotspot/src/share/vm/prims/jvm.cpp:1247
Event: 6,048 Thread 0x00007f8f8000b000 Threw 0x00000000ebe31188 at /build/buildd/openjdk-7-7u65-2.5.1/build/openjdk/hotspot/src/share/vm/prims/jvm.cpp:1247
Event: 6,050 Thread 0x00007f8f8000b000 Threw 0x00000000ebe340f0 at /build/buildd/openjdk-7-7u65-2.5.1/build/openjdk/hotspot/src/share/vm/prims/jvm.cpp:1247
Event: 6,379 Thread 0x00007f8f8000b000 Threw 0x00000000ebf03b60 at /build/buildd/openjdk-7-7u65-2.5.1/build/openjdk/hotspot/src/share/vm/prims/jvm.cpp:1247
Event: 6,379 Thread 0x00007f8f8000b000 Threw 0x00000000ebf03c88 at /build/buildd/openjdk-7-7u65-2.5.1/build/openjdk/hotspot/src/share/vm/prims/jvm.cpp:1247
Event: 6,380 Thread 0x00007f8f8000b000 Threw 0x00000000ebf06338 at /build/buildd/openjdk-7-7u65-2.5.1/build/openjdk/hotspot/src/share/vm/prims/jvm.cpp:1247
Event: 6,380 Thread 0x00007f8f8000b000 Threw 0x00000000ebf06460 at /build/buildd/openjdk-7-7u65-2.5.1/build/openjdk/hotspot/src/share/vm/prims/jvm.cpp:1247
Event: 6,381 Thread 0x00007f8f8000b000 Threw 0x00000000ebf06e60 at /build/buildd/openjdk-7-7u65-2.5.1/build/openjdk/hotspot/src/share/vm/prims/jvm.cpp:1247
Event: 6,381 Thread 0x00007f8f8000b000 Threw 0x00000000ebf06f88 at /build/buildd/openjdk-7-7u65-2.5.1/build/openjdk/hotspot/src/share/vm/prims/jvm.cpp:1247
Event: 8,223 Thread 0x00007f8f8000b000 Threw 0x00000000eb16eda8 at /build/buildd/openjdk-7-7u65-2.5.1/build/openjdk/hotspot/src/share/vm/prims/jvm.cpp:1247

Events (10 events):
Event: 9,211 loading class 0x00007f8f85dd5530
Event: 9,250 loading class 0x00007f8f85dd5530 done
Event: 9,736 Thread 0x00007f8f8000b000 Uncommon trap: trap_request=0xffffff86 fr.pc=0x00007f8f7d1b8c10
Event: 9,736 Thread 0x00007f8f8000b000 DEOPT PACKING pc=0x00007f8f7d1b8c10 sp=0x00007f8f8a0f4410
Event: 9,736 Thread 0x00007f8f8000b000 DEOPT UNPACKING pc=0x00007f8f7d039445 sp=0x00007f8f8a0f4400 mode 2
Event: 9,807 Thread 0x00007f8f800a8800 flushing nmethod 0x00007f8f7d0c8990
Event: 10,191 Thread 0x00007f8f8000b000 Uncommon trap: trap_request=0xffffffd6 fr.pc=0x00007f8f7d1e2190
Event: 10,191 Thread 0x00007f8f8000b000 DEOPT PACKING pc=0x00007f8f7d1e2190 sp=0x00007f8f8a0f4410
Event: 10,191 Thread 0x00007f8f8000b000 DEOPT UNPACKING pc=0x00007f8f7d039445 sp=0x00007f8f8a0f43e8 mode 2
Event: 10,909 Executing VM operation: ParallelGCFailedAllocation


Dynamic libraries:
00400000-00401000 r-xp 00000000 08:07 1187859                            /usr/lib/jvm/java-7-openjdk-amd64/jre/bin/java
00600000-00601000 r--p 00000000 08:07 1187859                            /usr/lib/jvm/java-7-openjdk-amd64/jre/bin/java
00601000-00602000 rw-p 00001000 08:07 1187859                            /usr/lib/jvm/java-7-openjdk-amd64/jre/bin/java
0257b000-0259c000 rw-p 00000000 00:00 0                                  [heap]
b5a00000-b6f00000 rw-p 00000000 00:00 0 
b6f00000-c0000000 rw-p 00000000 00:00 0 
c0000000-c3500000 rw-p 00000000 00:00 0 
c3500000-eaa80000 rw-p 00000000 00:00 0 
eaa80000-eeb80000 rw-p 00000000 00:00 0 
f3300000-100000000 rw-p 00000000 00:00 0 
7f8f10000000-7f8f10021000 rw-p 00000000 00:00 0 
7f8f10021000-7f8f14000000 ---p 00000000 00:00 0 
7f8f18000000-7f8f18037000 rw-p 00000000 00:00 0 
7f8f18037000-7f8f1c000000 ---p 00000000 00:00 0 
7f8f1c000000-7f8f1c021000 rw-p 00000000 00:00 0 
7f8f1c021000-7f8f20000000 ---p 00000000 00:00 0 
7f8f20000000-7f8f2003d000 rw-p 00000000 00:00 0 
7f8f2003d000-7f8f24000000 ---p 00000000 00:00 0 
7f8f24000000-7f8f24021000 rw-p 00000000 00:00 0 
7f8f24021000-7f8f28000000 ---p 00000000 00:00 0 
7f8f28000000-7f8f28021000 rw-p 00000000 00:00 0 
7f8f28021000-7f8f2c000000 ---p 00000000 00:00 0 
7f8f2c000000-7f8f2c021000 rw-p 00000000 00:00 0 
7f8f2c021000-7f8f30000000 ---p 00000000 00:00 0 
7f8f30000000-7f8f30f2a000 rw-p 00000000 00:00 0 
7f8f30f2a000-7f8f34000000 ---p 00000000 00:00 0 
7f8f34000000-7f8f352ae000 rw-p 00000000 00:00 0 
7f8f352ae000-7f8f38000000 ---p 00000000 00:00 0 
7f8f38000000-7f8f38021000 rw-p 00000000 00:00 0 
7f8f38021000-7f8f3c000000 ---p 00000000 00:00 0 
7f8f3c000000-7f8f3c021000 rw-p 00000000 00:00 0 
7f8f3c021000-7f8f40000000 ---p 00000000 00:00 0 
7f8f40000000-7f8f40246000 rw-p 00000000 00:00 0 
7f8f40246000-7f8f44000000 ---p 00000000 00:00 0 
7f8f44000000-7f8f44021000 rw-p 00000000 00:00 0 
7f8f44021000-7f8f48000000 ---p 00000000 00:00 0 
7f8f48000000-7f8f48021000 rw-p 00000000 00:00 0 
7f8f48021000-7f8f4c000000 ---p 00000000 00:00 0 
7f8f50000000-7f8f50021000 rw-p 00000000 00:00 0 
7f8f50021000-7f8f54000000 ---p 00000000 00:00 0 
7f8f58000000-7f8f58021000 rw-p 00000000 00:00 0 
7f8f58021000-7f8f5c000000 ---p 00000000 00:00 0 
7f8f60000000-7f8f60021000 rw-p 00000000 00:00 0 
7f8f60021000-7f8f64000000 ---p 00000000 00:00 0 
7f8f67bbb000-7f8f67bf7000 r-xp 00000000 08:07 1707715                    /lib/x86_64-linux-gnu/libpcre.so.3.12.1
7f8f67bf7000-7f8f67df6000 ---p 0003c000 08:07 1707715                    /lib/x86_64-linux-gnu/libpcre.so.3.12.1
7f8f67df6000-7f8f67df7000 r--p 0003b000 08:07 1707715                    /lib/x86_64-linux-gnu/libpcre.so.3.12.1
7f8f67df7000-7f8f67df8000 rw-p 0003c000 08:07 1707715                    /lib/x86_64-linux-gnu/libpcre.so.3.12.1
7f8f67df8000-7f8f67dff000 r-xp 00000000 08:07 1056283                    /usr/lib/x86_64-linux-gnu/libffi.so.6.0.0
7f8f67dff000-7f8f67ffe000 ---p 00007000 08:07 1056283                    /usr/lib/x86_64-linux-gnu/libffi.so.6.0.0
7f8f67ffe000-7f8f67fff000 r--p 00006000 08:07 1056283                    /usr/lib/x86_64-linux-gnu/libffi.so.6.0.0
7f8f67fff000-7f8f68000000 rw-p 00007000 08:07 1056283                    /usr/lib/x86_64-linux-gnu/libffi.so.6.0.0
7f8f68000000-7f8f68021000 rw-p 00000000 00:00 0 
7f8f68021000-7f8f6c000000 ---p 00000000 00:00 0 
7f8f6c1ae000-7f8f6c1c6000 r-xp 00000000 08:07 1713298                    /lib/x86_64-linux-gnu/libresolv-2.15.so
7f8f6c1c6000-7f8f6c3c6000 ---p 00018000 08:07 1713298                    /lib/x86_64-linux-gnu/libresolv-2.15.so
7f8f6c3c6000-7f8f6c3c7000 r--p 00018000 08:07 1713298                    /lib/x86_64-linux-gnu/libresolv-2.15.so
7f8f6c3c7000-7f8f6c3c8000 rw-p 00019000 08:07 1713298                    /lib/x86_64-linux-gnu/libresolv-2.15.so
7f8f6c3c8000-7f8f6c3ca000 rw-p 00000000 00:00 0 
7f8f6c3ca000-7f8f6c3e7000 r-xp 00000000 08:07 1707730                    /lib/x86_64-linux-gnu/libselinux.so.1
7f8f6c3e7000-7f8f6c5e6000 ---p 0001d000 08:07 1707730                    /lib/x86_64-linux-gnu/libselinux.so.1
7f8f6c5e6000-7f8f6c5e7000 r--p 0001c000 08:07 1707730                    /lib/x86_64-linux-gnu/libselinux.so.1
7f8f6c5e7000-7f8f6c5e8000 rw-p 0001d000 08:07 1707730                    /lib/x86_64-linux-gnu/libselinux.so.1
7f8f6c5e8000-7f8f6c5e9000 rw-p 00000000 00:00 0 
7f8f6c5e9000-7f8f6c5ec000 r-xp 00000000 08:07 1048959                    /usr/lib/x86_64-linux-gnu/libgmodule-2.0.so.0.3200.4
7f8f6c5ec000-7f8f6c7eb000 ---p 00003000 08:07 1048959                    /usr/lib/x86_64-linux-gnu/libgmodule-2.0.so.0.3200.4
7f8f6c7eb000-7f8f6c7ec000 r--p 00002000 08:07 1048959                    /usr/lib/x86_64-linux-gnu/libgmodule-2.0.so.0.3200.4
7f8f6c7ec000-7f8f6c7ed000 rw-p 00003000 08:07 1048959                    /usr/lib/x86_64-linux-gnu/libgmodule-2.0.so.0.3200.4
7f8f6c7ed000-7f8f6c8df000 r-xp 00000000 08:07 1708224                    /lib/x86_64-linux-gnu/libglib-2.0.so.0.3200.4
7f8f6c8df000-7f8f6cadf000 ---p 000f2000 08:07 1708224                    /lib/x86_64-linux-gnu/libglib-2.0.so.0.3200.4
7f8f6cadf000-7f8f6cae0000 r--p 000f2000 08:07 1708224                    /lib/x86_64-linux-gnu/libglib-2.0.so.0.3200.4
7f8f6cae0000-7f8f6cae1000 rw-p 000f3000 08:07 1708224                    /lib/x86_64-linux-gnu/libglib-2.0.so.0.3200.4
7f8f6cae1000-7f8f6cae2000 rw-p 00000000 00:00 0 
7f8f6cae2000-7f8f6cb2f000 r-xp 00000000 08:07 1048995                    /usr/lib/x86_64-linux-gnu/libgobject-2.0.so.0.3200.4
7f8f6cb2f000-7f8f6cd2f000 ---p 0004d000 08:07 1048995                    /usr/lib/x86_64-linux-gnu/libgobject-2.0.so.0.3200.4
7f8f6cd2f000-7f8f6cd30000 r--p 0004d000 08:07 1048995                    /usr/lib/x86_64-linux-gnu/libgobject-2.0.so.0.3200.4
7f8f6cd30000-7f8f6cd31000 rw-p 0004e000 08:07 1048995                    /usr/lib/x86_64-linux-gnu/libgobject-2.0.so.0.3200.4
7f8f6cd31000-7f8f6ce79000 r-xp 00000000 08:07 1048994                    /usr/lib/x86_64-linux-gnu/libgio-2.0.so.0.3200.4
7f8f6ce79000-7f8f6d078000 ---p 00148000 08:07 1048994                    /usr/lib/x86_64-linux-gnu/libgio-2.0.so.0.3200.4
7f8f6d078000-7f8f6d07c000 r--p 00147000 08:07 1048994                    /usr/lib/x86_64-linux-gnu/libgio-2.0.so.0.3200.4
7f8f6d07c000-7f8f6d07e000 rw-p 0014b000 08:07 1048994                    /usr/lib/x86_64-linux-gnu/libgio-2.0.so.0.3200.4
7f8f6d07e000-7f8f6d080000 rw-p 00000000 00:00 0 
7f8f6d080000-7f8f6d097000 r-xp 00000000 08:07 1320317                    /usr/lib/jvm/java-7-openjdk-amd64/jre/lib/amd64/libnet.so
7f8f6d097000-7f8f6d296000 ---p 00017000 08:07 1320317                    /usr/lib/jvm/java-7-openjdk-amd64/jre/lib/amd64/libnet.so
7f8f6d296000-7f8f6d297000 r--p 00016000 08:07 1320317                    /usr/lib/jvm/java-7-openjdk-amd64/jre/lib/amd64/libnet.so
7f8f6d297000-7f8f6d298000 rw-p 00017000 08:07 1320317                    /usr/lib/jvm/java-7-openjdk-amd64/jre/lib/amd64/libnet.so
7f8f6d298000-7f8f6d2a8000 r-xp 00000000 08:07 1320313                    /usr/lib/jvm/java-7-openjdk-amd64/jre/lib/amd64/libnio.so
7f8f6d2a8000-7f8f6d4a8000 ---p 00010000 08:07 1320313                    /usr/lib/jvm/java-7-openjdk-amd64/jre/lib/amd64/libnio.so
7f8f6d4a8000-7f8f6d4a9000 r--p 00010000 08:07 1320313                    /usr/lib/jvm/java-7-openjdk-amd64/jre/lib/amd64/libnio.so
7f8f6d4a9000-7f8f6d4aa000 rw-p 00011000 08:07 1320313                    /usr/lib/jvm/java-7-openjdk-amd64/jre/lib/amd64/libnio.so
7f8f6d4aa000-7f8f6d4ad000 ---p 00000000 00:00 0 
7f8f6d4ad000-7f8f6d5ab000 rw-p 00000000 00:00 0 
7f8f6d5ab000-7f8f6d5ae000 ---p 00000000 00:00 0 
7f8f6d5ae000-7f8f6d6ac000 rw-p 00000000 00:00 0 
7f8f6d6ac000-7f8f6d6af000 ---p 00000000 00:00 0 
7f8f6d6af000-7f8f6d7ad000 rw-p 00000000 00:00 0 
7f8f6d7ad000-7f8f6d7b0000 ---p 00000000 00:00 0 
7f8f6d7b0000-7f8f6d8ae000 rw-p 00000000 00:00 0 
7f8f6d8ae000-7f8f6d8b1000 ---p 00000000 00:00 0 
7f8f6d8b1000-7f8f6d9af000 rw-p 00000000 00:00 0 
7f8f6d9af000-7f8f6d9be000 r--s 000df000 08:07 2108450                    /home/jesus/Escritorio/eclipse/adt-bundle-linux-x86_64-20140702/sdk/build-tools/23.0.1/lib/dx.jar
7f8f6d9be000-7f8f6d9bf000 r--s 00002000 08:07 1320305                    /usr/lib/jvm/java-7-openjdk-amd64/jre/lib/ext/dnsns.jar
7f8f6d9bf000-7f8f6d9c1000 r--s 00012000 08:07 1320304                    /usr/lib/jvm/java-7-openjdk-amd64/jre/lib/ext/zipfs.jar
7f8f6d9c1000-7f8f6d9c4000 r--s 00032000 08:07 1320303                    /usr/lib/jvm/java-7-openjdk-amd64/jre/lib/ext/sunjce_provider.jar
7f8f6d9c4000-7f8f6d9c8000 r--s 00085000 08:07 1320307                    /usr/lib/jvm/java-7-openjdk-amd64/jre/lib/ext/localedata.jar
7f8f6d9c8000-7f8f6d9cb000 r--s 0000f000 08:07 1320306                    /usr/lib/jvm/java-7-openjdk-amd64/jre/lib/ext/pulse-java.jar
7f8f6d9cb000-7f8f6d9cc000 r--s 00007000 08:07 1446869                    /usr/share/java/java-atk-wrapper.jar
7f8f6d9cc000-7f8f6d9cf000 r--s 0003c000 08:07 1320302                    /usr/lib/jvm/java-7-openjdk-amd64/jre/lib/ext/sunpkcs11.jar
7f8f6d9cf000-7f8f6d9d0000 ---p 00000000 00:00 0 
7f8f6d9d0000-7f8f70000000 rw-p 00000000 00:00 0 
7f8f70000000-7f8f70021000 rw-p 00000000 00:00 0 
7f8f70021000-7f8f74000000 ---p 00000000 00:00 0 
7f8f74000000-7f8f74021000 rw-p 00000000 00:00 0 
7f8f74021000-7f8f78000000 ---p 00000000 00:00 0 
7f8f78000000-7f8f78021000 rw-p 00000000 00:00 0 
7f8f78021000-7f8f7c000000 ---p 00000000 00:00 0 
7f8f7c014000-7f8f7c017000 ---p 00000000 00:00 0 
7f8f7c017000-7f8f7c115000 rw-p 00000000 00:00 0 
7f8f7c115000-7f8f7c118000 ---p 00000000 00:00 0 
7f8f7c118000-7f8f7c216000 rw-p 00000000 00:00 0 
7f8f7c216000-7f8f7c219000 ---p 00000000 00:00 0 
7f8f7c219000-7f8f7c317000 rw-p 00000000 00:00 0 
7f8f7c317000-7f8f7c31a000 ---p 00000000 00:00 0 
7f8f7c31a000-7f8f7c418000 rw-p 00000000 00:00 0 
7f8f7c418000-7f8f7cafb000 r--p 00000000 08:07 1055264                    /usr/lib/locale/locale-archive
7f8f7cafb000-7f8f7cafe000 ---p 00000000 00:00 0 
7f8f7cafe000-7f8f7cbfc000 rw-p 00000000 00:00 0 
7f8f7cbfc000-7f8f7cbff000 ---p 00000000 00:00 0 
7f8f7cbff000-7f8f7ccfd000 rw-p 00000000 00:00 0 
7f8f7ccfd000-7f8f7ccfe000 ---p 00000000 00:00 0 
7f8f7ccfe000-7f8f7d000000 rw-p 00000000 00:00 0 
7f8f7d000000-7f8f7d270000 rwxp 00000000 00:00 0 
7f8f7d270000-7f8f8029a000 rw-p 00000000 00:00 0 
7f8f8029a000-7f8f84000000 ---p 00000000 00:00 0 
7f8f840ea000-7f8f85b75000 rw-p 00000000 00:00 0 
7f8f85b75000-7f8f85d26000 r--s 01d21000 08:07 1187850                    /usr/lib/jvm/java-7-openjdk-amd64/jre/lib/rt.jar
7f8f85d26000-7f8f86072000 rw-p 00000000 00:00 0 
7f8f86072000-7f8f86073000 ---p 00000000 00:00 0 
7f8f86073000-7f8f86173000 rw-p 00000000 00:00 0 
7f8f86173000-7f8f86174000 ---p 00000000 00:00 0 
7f8f86174000-7f8f86274000 rw-p 00000000 00:00 0 
7f8f86274000-7f8f86275000 ---p 00000000 00:00 0 
7f8f86275000-7f8f86375000 rw-p 00000000 00:00 0 
7f8f86375000-7f8f86376000 ---p 00000000 00:00 0 
7f8f86376000-7f8f86476000 rw-p 00000000 00:00 0 
7f8f86476000-7f8f86477000 ---p 00000000 00:00 0 
7f8f86477000-7f8f86577000 rw-p 00000000 00:00 0 
7f8f86577000-7f8f86578000 ---p 00000000 00:00 0 
7f8f86578000-7f8f86678000 rw-p 00000000 00:00 0 
7f8f86678000-7f8f86679000 ---p 00000000 00:00 0 
7f8f86679000-7f8f86779000 rw-p 00000000 00:00 0 
7f8f86779000-7f8f8677a000 ---p 00000000 00:00 0 
7f8f8677a000-7f8f86885000 rw-p 00000000 00:00 0 
7f8f86885000-7f8f868cd000 rw-p 00000000 00:00 0 
7f8f868cd000-7f8f868e8000 rw-p 00000000 00:00 0 
7f8f868e8000-7f8f86a23000 rw-p 00000000 00:00 0 
7f8f86a23000-7f8f86a2e000 rw-p 00000000 00:00 0 
7f8f86a2e000-7f8f86a76000 rw-p 00000000 00:00 0 
7f8f86a76000-7f8f86a91000 rw-p 00000000 00:00 0 
7f8f86a91000-7f8f86bcb000 rw-p 00000000 00:00 0 
7f8f86bcb000-7f8f86bec000 rw-p 00000000 00:00 0 
7f8f86bec000-7f8f86c76000 rw-p 00000000 00:00 0 
7f8f86c76000-7f8f86c77000 rw-p 00000000 00:00 0 
7f8f86c77000-7f8f86c7f000 r-xp 00000000 08:07 1320338                    /usr/lib/jvm/java-7-openjdk-amd64/jre/lib/amd64/libzip.so
7f8f86c7f000-7f8f86e7e000 ---p 00008000 08:07 1320338                    /usr/lib/jvm/java-7-openjdk-amd64/jre/lib/amd64/libzip.so
7f8f86e7e000-7f8f86e7f000 r--p 00007000 08:07 1320338                    /usr/lib/jvm/java-7-openjdk-amd64/jre/lib/amd64/libzip.so
7f8f86e7f000-7f8f86e80000 rw-p 00008000 08:07 1320338                    /usr/lib/jvm/java-7-openjdk-amd64/jre/lib/amd64/libzip.so
7f8f86e80000-7f8f86e8c000 r-xp 00000000 08:07 1713297                    /lib/x86_64-linux-gnu/libnss_files-2.15.so
7f8f86e8c000-7f8f8708b000 ---p 0000c000 08:07 1713297                    /lib/x86_64-linux-gnu/libnss_files-2.15.so
7f8f8708b000-7f8f8708c000 r--p 0000b000 08:07 1713297                    /lib/x86_64-linux-gnu/libnss_files-2.15.so
7f8f8708c000-7f8f8708d000 rw-p 0000c000 08:07 1713297                    /lib/x86_64-linux-gnu/libnss_files-2.15.so
7f8f8708d000-7f8f87097000 r-xp 00000000 08:07 1713301                    /lib/x86_64-linux-gnu/libnss_nis-2.15.so
7f8f87097000-7f8f87297000 ---p 0000a000 08:07 1713301                    /lib/x86_64-linux-gnu/libnss_nis-2.15.so
7f8f87297000-7f8f87298000 r--p 0000a000 08:07 1713301                    /lib/x86_64-linux-gnu/libnss_nis-2.15.so
7f8f87298000-7f8f87299000 rw-p 0000b000 08:07 1713301                    /lib/x86_64-linux-gnu/libnss_nis-2.15.so
7f8f87299000-7f8f872b0000 r-xp 00000000 08:07 1713313                    /lib/x86_64-linux-gnu/libnsl-2.15.so
7f8f872b0000-7f8f874af000 ---p 00017000 08:07 1713313                    /lib/x86_64-linux-gnu/libnsl-2.15.so
7f8f874af000-7f8f874b0000 r--p 00016000 08:07 1713313                    /lib/x86_64-linux-gnu/libnsl-2.15.so
7f8f874b0000-7f8f874b1000 rw-p 00017000 08:07 1713313                    /lib/x86_64-linux-gnu/libnsl-2.15.so
7f8f874b1000-7f8f874b3000 rw-p 00000000 00:00 0 
7f8f874b3000-7f8f874bb000 r-xp 00000000 08:07 1713295                    /lib/x86_64-linux-gnu/libnss_compat-2.15.so
7f8f874bb000-7f8f876ba000 ---p 00008000 08:07 1713295                    /lib/x86_64-linux-gnu/libnss_compat-2.15.so
7f8f876ba000-7f8f876bb000 r--p 00007000 08:07 1713295                    /lib/x86_64-linux-gnu/libnss_compat-2.15.so
7f8f876bb000-7f8f876bc000 rw-p 00008000 08:07 1713295                    /lib/x86_64-linux-gnu/libnss_compat-2.15.so
7f8f876bc000-7f8f876e5000 r-xp 00000000 08:07 1320325                    /usr/lib/jvm/java-7-openjdk-amd64/jre/lib/amd64/libjava.so
7f8f876e5000-7f8f878e4000 ---p 00029000 08:07 1320325                    /usr/lib/jvm/java-7-openjdk-amd64/jre/lib/amd64/libjava.so
7f8f878e4000-7f8f878e5000 r--p 00028000 08:07 1320325                    /usr/lib/jvm/java-7-openjdk-amd64/jre/lib/amd64/libjava.so
7f8f878e5000-7f8f878e7000 rw-p 00029000 08:07 1320325                    /usr/lib/jvm/java-7-openjdk-amd64/jre/lib/amd64/libjava.so
7f8f878e7000-7f8f878f5000 r-xp 00000000 08:07 1320324                    /usr/lib/jvm/java-7-openjdk-amd64/jre/lib/amd64/libverify.so
7f8f878f5000-7f8f87af4000 ---p 0000e000 08:07 1320324                    /usr/lib/jvm/java-7-openjdk-amd64/jre/lib/amd64/libverify.so
7f8f87af4000-7f8f87af6000 r--p 0000d000 08:07 1320324                    /usr/lib/jvm/java-7-openjdk-amd64/jre/lib/amd64/libverify.so
7f8f87af6000-7f8f87af7000 rw-p 0000f000 08:07 1320324                    /usr/lib/jvm/java-7-openjdk-amd64/jre/lib/amd64/libverify.so
7f8f87af7000-7f8f87afe000 r-xp 00000000 08:07 1713300                    /lib/x86_64-linux-gnu/librt-2.15.so
7f8f87afe000-7f8f87cfd000 ---p 00007000 08:07 1713300                    /lib/x86_64-linux-gnu/librt-2.15.so
7f8f87cfd000-7f8f87cfe000 r--p 00006000 08:07 1713300                    /lib/x86_64-linux-gnu/librt-2.15.so
7f8f87cfe000-7f8f87cff000 rw-p 00007000 08:07 1713300                    /lib/x86_64-linux-gnu/librt-2.15.so
7f8f87cff000-7f8f87d14000 r-xp 00000000 08:07 1707663                    /lib/x86_64-linux-gnu/libgcc_s.so.1
7f8f87d14000-7f8f87f13000 ---p 00015000 08:07 1707663                    /lib/x86_64-linux-gnu/libgcc_s.so.1
7f8f87f13000-7f8f87f14000 r--p 00014000 08:07 1707663                    /lib/x86_64-linux-gnu/libgcc_s.so.1
7f8f87f14000-7f8f87f15000 rw-p 00015000 08:07 1707663                    /lib/x86_64-linux-gnu/libgcc_s.so.1
7f8f87f15000-7f8f88010000 r-xp 00000000 08:07 1713304                    /lib/x86_64-linux-gnu/libm-2.15.so
7f8f88010000-7f8f8820f000 ---p 000fb000 08:07 1713304                    /lib/x86_64-linux-gnu/libm-2.15.so
7f8f8820f000-7f8f88210000 r--p 000fa000 08:07 1713304                    /lib/x86_64-linux-gnu/libm-2.15.so
7f8f88210000-7f8f88211000 rw-p 000fb000 08:07 1713304                    /lib/x86_64-linux-gnu/libm-2.15.so
7f8f88211000-7f8f882f3000 r-xp 00000000 08:07 1056648                    /usr/lib/x86_64-linux-gnu/libstdc++.so.6.0.16
7f8f882f3000-7f8f884f2000 ---p 000e2000 08:07 1056648                    /usr/lib/x86_64-linux-gnu/libstdc++.so.6.0.16
7f8f884f2000-7f8f884fa000 r--p 000e1000 08:07 1056648                    /usr/lib/x86_64-linux-gnu/libstdc++.so.6.0.16
7f8f884fa000-7f8f884fc000 rw-p 000e9000 08:07 1056648                    /usr/lib/x86_64-linux-gnu/libstdc++.so.6.0.16
7f8f884fc000-7f8f88511000 rw-p 00000000 00:00 0 
7f8f88511000-7f8f88ffe000 r-xp 00000000 08:07 1836473                    /usr/lib/jvm/java-7-openjdk-amd64/jre/lib/amd64/server/libjvm.so
7f8f88ffe000-7f8f891fd000 ---p 00aed000 08:07 1836473                    /usr/lib/jvm/java-7-openjdk-amd64/jre/lib/amd64/server/libjvm.so
7f8f891fd000-7f8f8929e000 r--p 00aec000 08:07 1836473                    /usr/lib/jvm/java-7-openjdk-amd64/jre/lib/amd64/server/libjvm.so
7f8f8929e000-7f8f892c1000 rw-p 00b8d000 08:07 1836473                    /usr/lib/jvm/java-7-openjdk-amd64/jre/lib/amd64/server/libjvm.so
7f8f892c1000-7f8f892ee000 rw-p 00000000 00:00 0 
7f8f892ee000-7f8f89304000 r-xp 00000000 08:07 1707753                    /lib/x86_64-linux-gnu/libz.so.1.2.3.4
7f8f89304000-7f8f89503000 ---p 00016000 08:07 1707753                    /lib/x86_64-linux-gnu/libz.so.1.2.3.4
7f8f89503000-7f8f89504000 r--p 00015000 08:07 1707753                    /lib/x86_64-linux-gnu/libz.so.1.2.3.4
7f8f89504000-7f8f89505000 rw-p 00016000 08:07 1707753                    /lib/x86_64-linux-gnu/libz.so.1.2.3.4
7f8f89505000-7f8f8951d000 r-xp 00000000 08:07 1713302                    /lib/x86_64-linux-gnu/libpthread-2.15.so
7f8f8951d000-7f8f8971c000 ---p 00018000 08:07 1713302                    /lib/x86_64-linux-gnu/libpthread-2.15.so
7f8f8971c000-7f8f8971d000 r--p 00017000 08:07 1713302                    /lib/x86_64-linux-gnu/libpthread-2.15.so
7f8f8971d000-7f8f8971e000 rw-p 00018000 08:07 1713302                    /lib/x86_64-linux-gnu/libpthread-2.15.so
7f8f8971e000-7f8f89722000 rw-p 00000000 00:00 0 
7f8f89722000-7f8f89724000 r-xp 00000000 08:07 1713308                    /lib/x86_64-linux-gnu/libdl-2.15.so
7f8f89724000-7f8f89924000 ---p 00002000 08:07 1713308                    /lib/x86_64-linux-gnu/libdl-2.15.so
7f8f89924000-7f8f89925000 r--p 00002000 08:07 1713308                    /lib/x86_64-linux-gnu/libdl-2.15.so
7f8f89925000-7f8f89926000 rw-p 00003000 08:07 1713308                    /lib/x86_64-linux-gnu/libdl-2.15.so
7f8f89926000-7f8f89adb000 r-xp 00000000 08:07 1713293                    /lib/x86_64-linux-gnu/libc-2.15.so
7f8f89adb000-7f8f89cda000 ---p 001b5000 08:07 1713293                    /lib/x86_64-linux-gnu/libc-2.15.so
7f8f89cda000-7f8f89cde000 r--p 001b4000 08:07 1713293                    /lib/x86_64-linux-gnu/libc-2.15.so
7f8f89cde000-7f8f89ce0000 rw-p 001b8000 08:07 1713293                    /lib/x86_64-linux-gnu/libc-2.15.so
7f8f89ce0000-7f8f89ce5000 rw-p 00000000 00:00 0 
7f8f89ce5000-7f8f89cf2000 r-xp 00000000 08:07 1709036                    /usr/lib/jvm/java-7-openjdk-amd64/jre/lib/amd64/jli/libjli.so
7f8f89cf2000-7f8f89ef1000 ---p 0000d000 08:07 1709036                    /usr/lib/jvm/java-7-openjdk-amd64/jre/lib/amd64/jli/libjli.so
7f8f89ef1000-7f8f89ef2000 r--p 0000c000 08:07 1709036                    /usr/lib/jvm/java-7-openjdk-amd64/jre/lib/amd64/jli/libjli.so
7f8f89ef2000-7f8f89ef3000 rw-p 0000d000 08:07 1709036                    /usr/lib/jvm/java-7-openjdk-amd64/jre/lib/amd64/jli/libjli.so
7f8f89ef3000-7f8f89f15000 r-xp 00000000 08:07 1713305                    /lib/x86_64-linux-gnu/ld-2.15.so
7f8f89f1d000-7f8f89f3f000 rw-p 00000000 00:00 0 
7f8f89f3f000-7f8f89ff5000 rw-p 00000000 00:00 0 
7f8f89ff5000-7f8f89ff8000 ---p 00000000 00:00 0 
7f8f89ff8000-7f8f8a0fb000 rw-p 00000000 00:00 0 
7f8f8a103000-7f8f8a104000 rw-p 00000000 00:00 0 
7f8f8a104000-7f8f8a109000 r--s 0004c000 08:07 1187853                    /usr/lib/jvm/java-7-openjdk-amd64/jre/lib/jsse.jar
7f8f8a109000-7f8f8a111000 rw-s 00000000 08:07 133766                     /tmp/hsperfdata_jesus/7855
7f8f8a111000-7f8f8a112000 rw-p 00000000 00:00 0 
7f8f8a112000-7f8f8a113000 ---p 00000000 00:00 0 
7f8f8a113000-7f8f8a115000 rw-p 00000000 00:00 0 
7f8f8a115000-7f8f8a116000 r--p 00022000 08:07 1713305                    /lib/x86_64-linux-gnu/ld-2.15.so
7f8f8a116000-7f8f8a118000 rw-p 00023000 08:07 1713305                    /lib/x86_64-linux-gnu/ld-2.15.so
7fff086c0000-7fff086e1000 rw-p 00000000 00:00 0                          [stack]
7fff08743000-7fff08744000 r-xp 00000000 00:00 0                          [vdso]
ffffffffff600000-ffffffffff601000 r-xp 00000000 00:00 0                  [vsyscall]

VM Arguments:
jvm_args: -Xmx1024M -Dfile.encoding=UTF-8 -Duser.country=ES -Duser.language=es -Duser.variant 
java_command: com.android.dx.command.Main --dex --num-threads=4 --output /home/jesus/AndroidStudioProjects/ACDAT_Tema4/app/build/intermediates/dex/debug /home/jesus/AndroidStudioProjects/ACDAT_Tema4/app/build/intermediates/classes/debug /home/jesus/AndroidStudioProjects/ACDAT_Tema4/app/build/intermediates/pre-dexed/debug/support-annotations-23.1.1-4c2b4206c2edd11d281a9945a502ca926e921d63.jar /home/jesus/AndroidStudioProjects/ACDAT_Tema4/app/build/intermediates/pre-dexed/debug/android-async-http-1.4.9-ca2189ba49f5192fd3b4407bddd63cea4c0bfa6e.jar /home/jesus/AndroidStudioProjects/ACDAT_Tema4/app/build/intermediates/pre-dexed/debug/gson-2.4-e4e493faf2c3c7dcc0d0d3ea9fb9ded2947f2da2.jar /home/jesus/AndroidStudioProjects/ACDAT_Tema4/app/build/intermediates/pre-dexed/debug/internal_impl-23.1.1-7156f13a4d3fd093e46453893ff1e65b8d933bbc.jar /home/jesus/AndroidStudioProjects/ACDAT_Tema4/app/build/intermediates/pre-dexed/debug/classes-647744b99f62481e951f954e531f9c5cb6059c2d.jar /home/jesus/AndroidStudioProjects/ACDAT_Tema4/app/build/intermediates/pre-dexed/debug/httpclient-4.4.1.1-2dd66eca79ba265714fbefee07bd7a223abd3104.jar /home/jesus/AndroidStudioProjects/ACDAT_Tema4/app/build/intermediates/pre-dexed/debug/classes-0406708f524b05b70eb420951a73443f8cc9e4b8.jar
Launcher Type: SUN_STANDARD

Environment Variables:
PATH=/usr/local/sbin:/usr/local/bin:/usr/sbin:/usr/bin:/sbin:/bin:/usr/games
USERNAME=jesus
LD_LIBRARY_PATH=/home/jesus/Escritorio/Curso 2015-2016/android-studio/bin:
SHELL=/bin/bash
DISPLAY=:0.0

Signal Handlers:
SIGSEGV: [libjvm.so+0x924de0], sa_mask[0]=0x7ffbfeff, sa_flags=0x10000004
SIGBUS: [libjvm.so+0x924de0], sa_mask[0]=0x7ffbfeff, sa_flags=0x10000004
SIGFPE: [libjvm.so+0x7a4d90], sa_mask[0]=0x7ffbfeff, sa_flags=0x10000004
SIGPIPE: [libjvm.so+0x7a4d90], sa_mask[0]=0x7ffbfeff, sa_flags=0x10000004
SIGXFSZ: [libjvm.so+0x7a4d90], sa_mask[0]=0x7ffbfeff, sa_flags=0x10000004
SIGILL: [libjvm.so+0x7a4d90], sa_mask[0]=0x7ffbfeff, sa_flags=0x10000004
SIGUSR1: SIG_DFL, sa_mask[0]=0x00000000, sa_flags=0x00000000
SIGUSR2: [libjvm.so+0x7a4fb0], sa_mask[0]=0x00000004, sa_flags=0x10000004
SIGHUP: [libjvm.so+0x7a5120], sa_mask[0]=0x7ffbfeff, sa_flags=0x10000004
SIGINT: [libjvm.so+0x7a5120], sa_mask[0]=0x7ffbfeff, sa_flags=0x10000004
SIGTERM: [libjvm.so+0x7a5120], sa_mask[0]=0x7ffbfeff, sa_flags=0x10000004
SIGQUIT: [libjvm.so+0x7a5120], sa_mask[0]=0x7ffbfeff, sa_flags=0x10000004
SIGTRAP: SIG_DFL, sa_mask[0]=0x00000000, sa_flags=0x00000000


---------------  S Y S T E M  ---------------

OS:LinuxMint 13 (maya)
uname:Linux 3.2.0-23-generic #36-Ubuntu SMP Tue Apr 10 20:39:51 UTC 2012 x86_64
libc:glibc 2.15 NPTL 2.15 
rlimit: STACK 8192k, CORE 0k, NPROC 30331, NOFILE 4096, AS infinity
load average:4,12 2,91 2,38

/proc/meminfo:
MemTotal:        3899996 kB
MemFree:          114168 kB
Buffers:             396 kB
Cached:           571524 kB
SwapCached:            0 kB
Active:          3139916 kB
Inactive:         470496 kB
Active(anon):    3135724 kB
Inactive(anon):   466004 kB
Active(file):       4192 kB
Inactive(file):     4492 kB
Unevictable:           0 kB
Mlocked:               0 kB
SwapTotal:             0 kB
SwapFree:              0 kB
Dirty:                68 kB
Writeback:            36 kB
AnonPages:       3038676 kB
Mapped:            16256 kB
Shmem:            563180 kB
Slab:              68804 kB
SReclaimable:      28464 kB
SUnreclaim:        40340 kB
KernelStack:        4232 kB
PageTables:        28372 kB
NFS_Unstable:          0 kB
Bounce:                0 kB
WritebackTmp:          0 kB
CommitLimit:     1949996 kB
Committed_AS:    7052364 kB
VmallocTotal:   34359738367 kB
VmallocUsed:      602268 kB
VmallocChunk:   34359093512 kB
HardwareCorrupted:     0 kB
AnonHugePages:         0 kB
HugePages_Total:       0
HugePages_Free:        0
HugePages_Rsvd:        0
HugePages_Surp:        0
Hugepagesize:       2048 kB
DirectMap4k:       73728 kB
DirectMap2M:     3971072 kB


CPU:total 8 (4 cores per cpu, 2 threads per core) family 6 model 42 stepping 7, cmov, cx8, fxsr, mmx, sse, sse2, sse3, ssse3, sse4.1, sse4.2, popcnt, avx, aes, ht, tsc, tscinvbit

/proc/cpuinfo:
processor	: 0
vendor_id	: GenuineIntel
cpu family	: 6
model		: 42
model name	: Intel(R) Core(TM) i7-2630QM CPU @ 2.00GHz
stepping	: 7
microcode	: 0x25
cpu MHz		: 900.000
cache size	: 6144 KB
physical id	: 0
siblings	: 8
core id		: 0
cpu cores	: 4
apicid		: 0
initial apicid	: 0
fpu		: yes
fpu_exception	: yes
cpuid level	: 13
wp		: yes
flags		: fpu vme de pse tsc msr pae mce cx8 apic sep mtrr pge mca cmov pat pse36 clflush dts acpi mmx fxsr sse sse2 ss ht tm pbe syscall nx rdtscp lm constant_tsc arch_perfmon pebs bts rep_good nopl xtopology nonstop_tsc aperfmperf pni pclmulqdq dtes64 monitor ds_cpl vmx est tm2 ssse3 cx16 xtpr pdcm pcid sse4_1 sse4_2 x2apic popcnt tsc_deadline_timer aes xsave avx lahf_lm ida arat epb xsaveopt pln pts dts tpr_shadow vnmi flexpriority ept vpid
bogomips	: 3990.78
clflush size	: 64
cache_alignment	: 64
address sizes	: 36 bits physical, 48 bits virtual
power management:

processor	: 1
vendor_id	: GenuineIntel
cpu family	: 6
model		: 42
model name	: Intel(R) Core(TM) i7-2630QM CPU @ 2.00GHz
stepping	: 7
microcode	: 0x25
cpu MHz		: 900.000
cache size	: 6144 KB
physical id	: 0
siblings	: 8
core id		: 0
cpu cores	: 4
apicid		: 1
initial apicid	: 1
fpu		: yes
fpu_exception	: yes
cpuid level	: 13
wp		: yes
flags		: fpu vme de pse tsc msr pae mce cx8 apic sep mtrr pge mca cmov pat pse36 clflush dts acpi mmx fxsr sse sse2 ss ht tm pbe syscall nx rdtscp lm constant_tsc arch_perfmon pebs bts rep_good nopl xtopology nonstop_tsc aperfmperf pni pclmulqdq dtes64 monitor ds_cpl vmx est tm2 ssse3 cx16 xtpr pdcm pcid sse4_1 sse4_2 x2apic popcnt tsc_deadline_timer aes xsave avx lahf_lm ida arat epb xsaveopt pln pts dts tpr_shadow vnmi flexpriority ept vpid
bogomips	: 3990.75
clflush size	: 64
cache_alignment	: 64
address sizes	: 36 bits physical, 48 bits virtual
power management:

processor	: 2
vendor_id	: GenuineIntel
cpu family	: 6
model		: 42
model name	: Intel(R) Core(TM) i7-2630QM CPU @ 2.00GHz
stepping	: 7
microcode	: 0x25
cpu MHz		: 800.000
cache size	: 6144 KB
physical id	: 0
siblings	: 8
core id		: 1
cpu cores	: 4
apicid		: 2
initial apicid	: 2
fpu		: yes
fpu_exception	: yes
cpuid level	: 13
wp		: yes
flags		: fpu vme de pse tsc msr pae mce cx8 apic sep mtrr pge mca cmov pat pse36 clflush dts acpi mmx fxsr sse sse2 ss ht tm pbe syscall nx rdtscp lm constant_tsc arch_perfmon pebs bts rep_good nopl xtopology nonstop_tsc aperfmperf pni pclmulqdq dtes64 monitor ds_cpl vmx est tm2 ssse3 cx16 xtpr pdcm pcid sse4_1 sse4_2 x2apic popcnt tsc_deadline_timer aes xsave avx lahf_lm ida arat epb xsaveopt pln pts dts tpr_shadow vnmi flexpriority ept vpid
bogomips	: 3990.75
clflush size	: 64
cache_alignment	: 64
address sizes	: 36 bits physical, 48 bits virtual
power management:

processor	: 3
vendor_id	: GenuineIntel
cpu family	: 6
model		: 42
model name	: Intel(R) Core(TM) i7-2630QM CPU @ 2.00GHz
stepping	: 7
microcode	: 0x25
cpu MHz		: 900.000
cache size	: 6144 KB
physical id	: 0
siblings	: 8
core id		: 1
cpu cores	: 4
apicid		: 3
initial apicid	: 3
fpu		: yes
fpu_exception	: yes
cpuid level	: 13
wp		: yes
flags		: fpu vme de pse tsc msr pae mce cx8 apic sep mtrr pge mca cmov pat pse36 clflush dts acpi mmx fxsr sse sse2 ss ht tm pbe syscall nx rdtscp lm constant_tsc arch_perfmon pebs bts rep_good nopl xtopology nonstop_tsc aperfmperf pni pclmulqdq dtes64 monitor ds_cpl vmx est tm2 ssse3 cx16 xtpr pdcm pcid sse4_1 sse4_2 x2apic popcnt tsc_deadline_timer aes xsave avx lahf_lm ida arat epb xsaveopt pln pts dts tpr_shadow vnmi flexpriority ept vpid
bogomips	: 3990.76
clflush size	: 64
cache_alignment	: 64
address sizes	: 36 bits physical, 48 bits virtual
power management:

processor	: 4
vendor_id	: GenuineIntel
cpu family	: 6
model		: 42
model name	: Intel(R) Core(TM) i7-2630QM CPU @ 2.00GHz
stepping	: 7
microcode	: 0x25
cpu MHz		: 900.000
cache size	: 6144 KB
physical id	: 0
siblings	: 8
core id		: 2
cpu cores	: 4
apicid		: 4
initial apicid	: 4
fpu		: yes
fpu_exception	: yes
cpuid level	: 13
wp		: yes
flags		: fpu vme de pse tsc msr pae mce cx8 apic sep mtrr pge mca cmov pat pse36 clflush dts acpi mmx fxsr sse sse2 ss ht tm pbe syscall nx rdtscp lm constant_tsc arch_perfmon pebs bts rep_good nopl xtopology nonstop_tsc aperfmperf pni pclmulqdq dtes64 monitor ds_cpl vmx est tm2 ssse3 cx16 xtpr pdcm pcid sse4_1 sse4_2 x2apic popcnt tsc_deadline_timer aes xsave avx lahf_lm ida arat epb xsaveopt pln pts dts tpr_shadow vnmi flexpriority ept vpid
bogomips	: 3990.75
clflush size	: 64
cache_alignment	: 64
address sizes	: 36 bits physical, 48 bits virtual
power management:

processor	: 5
vendor_id	: GenuineIntel
cpu family	: 6
model		: 42
model name	: Intel(R) Core(TM) i7-2630QM CPU @ 2.00GHz
stepping	: 7
microcode	: 0x25
cpu MHz		: 800.000
cache size	: 6144 KB
physical id	: 0
siblings	: 8
core id		: 2
cpu cores	: 4
apicid		: 5
initial apicid	: 5
fpu		: yes
fpu_exception	: yes
cpuid level	: 13
wp		: yes
flags		: fpu vme de pse tsc msr pae mce cx8 apic sep mtrr pge mca cmov pat pse36 clflush dts acpi mmx fxsr sse sse2 ss ht tm pbe syscall nx rdtscp lm constant_tsc arch_perfmon pebs bts rep_good nopl xtopology nonstop_tsc aperfmperf pni pclmulqdq dtes64 monitor ds_cpl vmx est tm2 ssse3 cx16 xtpr pdcm pcid sse4_1 sse4_2 x2apic popcnt tsc_deadline_timer aes xsave avx lahf_lm ida arat epb xsaveopt pln pts dts tpr_shadow vnmi flexpriority ept vpid
bogomips	: 3990.76
clflush size	: 64
cache_alignment	: 64
address sizes	: 36 bits physical, 48 bits virtual
power management:

processor	: 6
vendor_id	: GenuineIntel
cpu family	: 6
model		: 42
model name	: Intel(R) Core(TM) i7-2630QM CPU @ 2.00GHz
stepping	: 7
microcode	: 0x25
cpu MHz		: 800.000
cache size	: 6144 KB
physical id	: 0
siblings	: 8
core id		: 3
cpu cores	: 4
apicid		: 6
initial apicid	: 6
fpu		: yes
fpu_exception	: yes
cpuid level	: 13
wp		: yes
flags		: fpu vme de pse tsc msr pae mce cx8 apic sep mtrr pge mca cmov pat pse36 clflush dts acpi mmx fxsr sse sse2 ss ht tm pbe syscall nx rdtscp lm constant_tsc arch_perfmon pebs bts rep_good nopl xtopology nonstop_tsc aperfmperf pni pclmulqdq dtes64 monitor ds_cpl vmx est tm2 ssse3 cx16 xtpr pdcm pcid sse4_1 sse4_2 x2apic popcnt tsc_deadline_timer aes xsave avx lahf_lm ida arat epb xsaveopt pln pts dts tpr_shadow vnmi flexpriority ept vpid
bogomips	: 3990.74
clflush size	: 64
cache_alignment	: 64
address sizes	: 36 bits physical, 48 bits virtual
power management:

processor	: 7
vendor_id	: GenuineIntel
cpu family	: 6
model		: 42
model name	: Intel(R) Core(TM) i7-2630QM CPU @ 2.00GHz
stepping	: 7
microcode	: 0x25
cpu MHz		: 800.000
cache size	: 6144 KB
physical id	: 0
siblings	: 8
core id		: 3
cpu cores	: 4
apicid		: 7
initial apicid	: 7
fpu		: yes
fpu_exception	: yes
cpuid level	: 13
wp		: yes
flags		: fpu vme de pse tsc msr pae mce cx8 apic sep mtrr pge mca cmov pat pse36 clflush dts acpi mmx fxsr sse sse2 ss ht tm pbe syscall nx rdtscp lm constant_tsc arch_perfmon pebs bts rep_good nopl xtopology nonstop_tsc aperfmperf pni pclmulqdq dtes64 monitor ds_cpl vmx est tm2 ssse3 cx16 xtpr pdcm pcid sse4_1 sse4_2 x2apic popcnt tsc_deadline_timer aes xsave avx lahf_lm ida arat epb xsaveopt pln pts dts tpr_shadow vnmi flexpriority ept vpid
bogomips	: 3990.76
clflush size	: 64
cache_alignment	: 64
address sizes	: 36 bits physical, 48 bits virtual
power management:



Memory: 4k page, physical 3899996k(114168k free), swap 0k(0k free)

vm_info: OpenJDK 64-Bit Server VM (24.65-b04) for linux-amd64 JRE (1.7.0_65-b32), built on Aug 23 2014 13:37:14 by "buildd" with gcc 4.6.3

time: Wed May 18 18:38:47 2016
elapsed time: 20 seconds

